<?xml version="1.0" encoding="utf-8"?>
<!DOCTYPE coverage SYSTEM "http://cobertura.sourceforge.net/xml/coverage-04.dtd">
<coverage line-rate="0.9220945083014048" branch-rate="0.6219512195121951" lines-covered="722" lines-valid="783" branches-covered="204" branches-valid="328" complexity="212" version="0" timestamp="1640710533">
  <sources />
  <packages>
    <package name="BLL" line-rate="0.9942857142857143" branch-rate="0.6484375" complexity="139">
      <classes>
        <class name="BLL.BasicCharacteristics" filename="D:\vs project\Coursework_Safaryan\BLL\BasicCharacteristics.cs" line-rate="1" branch-rate="1" complexity="NaN">
          <methods>
            <method name="Name" signature="()" line-rate="1" branch-rate="1" complexity="NaN">
              <lines>
                <line number="12" hits="14" branch="false" />
                <line number="13" hits="14" branch="false" />
                <line number="14" hits="14" branch="false" />
              </lines>
            </method>
            <method name="Name" signature="(System.String)" line-rate="1" branch-rate="1" complexity="NaN">
              <lines>
                <line number="16" hits="7" branch="false" />
                <line number="17" hits="7" branch="false" />
                <line number="18" hits="7" branch="false" />
              </lines>
            </method>
            <method name="Surname" signature="()" line-rate="1" branch-rate="1" complexity="NaN">
              <lines>
                <line number="23" hits="14" branch="false" />
                <line number="24" hits="14" branch="false" />
                <line number="25" hits="14" branch="false" />
              </lines>
            </method>
            <method name="Surname" signature="(System.String)" line-rate="1" branch-rate="1" complexity="NaN">
              <lines>
                <line number="27" hits="7" branch="false" />
                <line number="28" hits="7" branch="false" />
                <line number="29" hits="7" branch="false" />
              </lines>
            </method>
            <method name="Patronymic" signature="()" line-rate="1" branch-rate="1" complexity="NaN">
              <lines>
                <line number="34" hits="13" branch="false" />
                <line number="35" hits="13" branch="false" />
                <line number="36" hits="13" branch="false" />
              </lines>
            </method>
            <method name="Patronymic" signature="(System.String)" line-rate="1" branch-rate="1" complexity="NaN">
              <lines>
                <line number="38" hits="7" branch="false" />
                <line number="39" hits="7" branch="false" />
                <line number="40" hits="7" branch="false" />
              </lines>
            </method>
            <method name="Age" signature="()" line-rate="1" branch-rate="1" complexity="NaN">
              <lines>
                <line number="44" hits="12" branch="false" />
              </lines>
            </method>
            <method name="Age" signature="(System.Int32)" line-rate="1" branch-rate="1" complexity="NaN">
              <lines>
                <line number="46" hits="7" branch="false" />
                <line number="47" hits="7" branch="true" condition-coverage="100% (2/2)" />
                <line number="48" hits="6" branch="false" />
                <line number="49" hits="6" branch="false" />
                <line number="50" hits="6" branch="false" />
                <line number="52" hits="1" branch="false" />
                <line number="53" hits="1" branch="false" />
                <line number="55" hits="6" branch="false" />
              </lines>
            </method>
          </methods>
          <lines>
            <line number="12" hits="14" branch="false" />
            <line number="13" hits="14" branch="false" />
            <line number="14" hits="14" branch="false" />
            <line number="16" hits="7" branch="false" />
            <line number="17" hits="7" branch="false" />
            <line number="18" hits="7" branch="false" />
            <line number="23" hits="14" branch="false" />
            <line number="24" hits="14" branch="false" />
            <line number="25" hits="14" branch="false" />
            <line number="27" hits="7" branch="false" />
            <line number="28" hits="7" branch="false" />
            <line number="29" hits="7" branch="false" />
            <line number="34" hits="13" branch="false" />
            <line number="35" hits="13" branch="false" />
            <line number="36" hits="13" branch="false" />
            <line number="38" hits="7" branch="false" />
            <line number="39" hits="7" branch="false" />
            <line number="40" hits="7" branch="false" />
            <line number="44" hits="12" branch="false" />
            <line number="46" hits="7" branch="false" />
            <line number="47" hits="7" branch="true" condition-coverage="100% (2/2)" />
            <line number="48" hits="6" branch="false" />
            <line number="49" hits="6" branch="false" />
            <line number="50" hits="6" branch="false" />
            <line number="52" hits="1" branch="false" />
            <line number="53" hits="1" branch="false" />
            <line number="55" hits="6" branch="false" />
          </lines>
        </class>
        <class name="BLL.DataValidation.CatchExceptions" filename="D:\vs project\Coursework_Safaryan\BLL\DataValidation\CatchExceptions.cs" line-rate="1" branch-rate="1" complexity="NaN">
          <methods>
            <method name=".ctor" signature="(System.String)" line-rate="1" branch-rate="1" complexity="NaN">
              <lines>
                <line number="7" hits="24" branch="false" />
              </lines>
            </method>
          </methods>
          <lines>
            <line number="7" hits="24" branch="false" />
          </lines>
        </class>
        <class name="BLL.DataValidation.DataValid" filename="D:\vs project\Coursework_Safaryan\BLL\DataValidation\DataValid.cs" line-rate="1" branch-rate="0.5677083333333334" complexity="1">
          <methods>
            <method name="Age" signature="(System.Int32)" line-rate="1" branch-rate="1" complexity="NaN">
              <lines>
                <line number="13" hits="7" branch="false" />
                <line number="14" hits="7" branch="true" condition-coverage="100% (4/4)" />
                <line number="15" hits="6" branch="false" />
                <line number="16" hits="6" branch="false" />
                <line number="19" hits="1" branch="false" />
                <line number="20" hits="1" branch="false" />
                <line number="22" hits="7" branch="false" />
              </lines>
            </method>
            <method name="Speciality" signature="(System.String)" line-rate="1" branch-rate="0.5192307692307693" complexity="NaN">
              <lines>
                <line number="26" hits="6" branch="false" />
                <line number="28" hits="6" branch="true" condition-coverage="52% (81/156)" />
                <line number="29" hits="6" branch="false" />
                <line number="30" hits="6" branch="false" />
                <line number="31" hits="6" branch="false" />
                <line number="32" hits="6" branch="false" />
                <line number="33" hits="6" branch="false" />
                <line number="34" hits="6" branch="false" />
                <line number="35" hits="6" branch="false" />
                <line number="36" hits="6" branch="false" />
                <line number="37" hits="6" branch="false" />
                <line number="38" hits="6" branch="false" />
                <line number="39" hits="6" branch="false" />
                <line number="40" hits="6" branch="false" />
                <line number="41" hits="6" branch="false" />
                <line number="42" hits="6" branch="false" />
                <line number="43" hits="6" branch="false" />
                <line number="44" hits="6" branch="false" />
                <line number="45" hits="6" branch="false" />
                <line number="46" hits="6" branch="false" />
                <line number="47" hits="6" branch="false" />
                <line number="48" hits="6" branch="false" />
                <line number="49" hits="6" branch="false" />
                <line number="50" hits="6" branch="false" />
                <line number="51" hits="6" branch="false" />
                <line number="52" hits="5" branch="false" />
                <line number="53" hits="5" branch="false" />
                <line number="55" hits="2" branch="false" />
                <line number="56" hits="6" branch="false" />
              </lines>
            </method>
            <method name="Growth" signature="(System.Double)" line-rate="1" branch-rate="0.75" complexity="NaN">
              <lines>
                <line number="63" hits="3" branch="false" />
                <line number="64" hits="3" branch="true" condition-coverage="75% (3/4)" />
                <line number="65" hits="2" branch="false" />
                <line number="66" hits="2" branch="false" />
                <line number="69" hits="1" branch="false" />
                <line number="70" hits="1" branch="false" />
                <line number="72" hits="3" branch="false" />
              </lines>
            </method>
            <method name="Weight" signature="(System.Double)" line-rate="1" branch-rate="0.75" complexity="NaN">
              <lines>
                <line number="74" hits="3" branch="false" />
                <line number="75" hits="3" branch="true" condition-coverage="75% (3/4)" />
                <line number="76" hits="2" branch="false" />
                <line number="77" hits="2" branch="false" />
                <line number="80" hits="1" branch="false" />
                <line number="81" hits="1" branch="false" />
                <line number="83" hits="3" branch="false" />
              </lines>
            </method>
            <method name="BloodType" signature="(System.String)" line-rate="1" branch-rate="0.6875" complexity="NaN">
              <lines>
                <line number="85" hits="3" branch="false" />
                <line number="86" hits="3" branch="true" condition-coverage="69% (11/16)" />
                <line number="87" hits="3" branch="false" />
                <line number="88" hits="2" branch="false" />
                <line number="89" hits="2" branch="false" />
                <line number="92" hits="1" branch="false" />
                <line number="93" hits="1" branch="false" />
                <line number="95" hits="3" branch="false" />
              </lines>
            </method>
            <method name="DateBirth" signature="(System.DateTime)" line-rate="1" branch-rate="1" complexity="NaN">
              <lines>
                <line number="97" hits="3" branch="false" />
                <line number="98" hits="3" branch="false" />
                <line number="99" hits="3" branch="true" condition-coverage="100% (4/4)" />
                <line number="100" hits="2" branch="false" />
                <line number="101" hits="2" branch="false" />
                <line number="104" hits="1" branch="false" />
                <line number="105" hits="1" branch="false" />
                <line number="107" hits="3" branch="false" />
              </lines>
            </method>
            <method name="DurationOfAdmission" signature="(System.Int32)" line-rate="1" branch-rate="0.75" complexity="NaN">
              <lines>
                <line number="109" hits="7" branch="false" />
                <line number="110" hits="7" branch="true" condition-coverage="75% (3/4)" />
                <line number="111" hits="6" branch="false" />
                <line number="112" hits="6" branch="false" />
                <line number="115" hits="1" branch="false" />
                <line number="116" hits="1" branch="false" />
                <line number="118" hits="7" branch="false" />
              </lines>
            </method>
            <method name=".cctor" signature="()" line-rate="1" branch-rate="0.53125" complexity="1">
              <lines>
                <line number="9" hits="1" branch="false" />
                <line number="10" hits="1" branch="false" />
                <line number="11" hits="1" branch="false" />
                <line number="13" hits="7" branch="false" />
                <line number="14" hits="7" branch="true" condition-coverage="100% (4/4)" />
                <line number="15" hits="6" branch="false" />
                <line number="16" hits="6" branch="false" />
                <line number="19" hits="1" branch="false" />
                <line number="20" hits="1" branch="false" />
                <line number="22" hits="7" branch="false" />
                <line number="26" hits="6" branch="false" />
                <line number="28" hits="6" branch="true" condition-coverage="52% (81/156)" />
                <line number="29" hits="6" branch="false" />
                <line number="30" hits="6" branch="false" />
                <line number="31" hits="6" branch="false" />
                <line number="32" hits="6" branch="false" />
                <line number="33" hits="6" branch="false" />
                <line number="34" hits="6" branch="false" />
                <line number="35" hits="6" branch="false" />
                <line number="36" hits="6" branch="false" />
                <line number="37" hits="6" branch="false" />
                <line number="38" hits="6" branch="false" />
                <line number="39" hits="6" branch="false" />
                <line number="40" hits="6" branch="false" />
                <line number="41" hits="6" branch="false" />
                <line number="42" hits="6" branch="false" />
                <line number="43" hits="6" branch="false" />
                <line number="44" hits="6" branch="false" />
                <line number="45" hits="6" branch="false" />
                <line number="46" hits="6" branch="false" />
                <line number="47" hits="6" branch="false" />
                <line number="48" hits="6" branch="false" />
                <line number="49" hits="6" branch="false" />
                <line number="50" hits="6" branch="false" />
                <line number="51" hits="6" branch="false" />
                <line number="52" hits="5" branch="false" />
                <line number="53" hits="5" branch="false" />
                <line number="55" hits="2" branch="false" />
                <line number="56" hits="6" branch="false" />
                <line number="61" hits="1" branch="false" />
              </lines>
            </method>
          </methods>
          <lines>
            <line number="9" hits="1" branch="false" />
            <line number="10" hits="1" branch="false" />
            <line number="11" hits="1" branch="false" />
            <line number="13" hits="7" branch="false" />
            <line number="14" hits="7" branch="true" condition-coverage="100% (4/4)" />
            <line number="15" hits="6" branch="false" />
            <line number="16" hits="6" branch="false" />
            <line number="19" hits="1" branch="false" />
            <line number="20" hits="1" branch="false" />
            <line number="22" hits="7" branch="false" />
            <line number="26" hits="6" branch="false" />
            <line number="28" hits="6" branch="true" condition-coverage="52% (81/156)" />
            <line number="29" hits="6" branch="false" />
            <line number="30" hits="6" branch="false" />
            <line number="31" hits="6" branch="false" />
            <line number="32" hits="6" branch="false" />
            <line number="33" hits="6" branch="false" />
            <line number="34" hits="6" branch="false" />
            <line number="35" hits="6" branch="false" />
            <line number="36" hits="6" branch="false" />
            <line number="37" hits="6" branch="false" />
            <line number="38" hits="6" branch="false" />
            <line number="39" hits="6" branch="false" />
            <line number="40" hits="6" branch="false" />
            <line number="41" hits="6" branch="false" />
            <line number="42" hits="6" branch="false" />
            <line number="43" hits="6" branch="false" />
            <line number="44" hits="6" branch="false" />
            <line number="45" hits="6" branch="false" />
            <line number="46" hits="6" branch="false" />
            <line number="47" hits="6" branch="false" />
            <line number="48" hits="6" branch="false" />
            <line number="49" hits="6" branch="false" />
            <line number="50" hits="6" branch="false" />
            <line number="51" hits="6" branch="false" />
            <line number="52" hits="5" branch="false" />
            <line number="53" hits="5" branch="false" />
            <line number="55" hits="2" branch="false" />
            <line number="56" hits="6" branch="false" />
            <line number="61" hits="1" branch="false" />
            <line number="63" hits="3" branch="false" />
            <line number="64" hits="3" branch="true" condition-coverage="75% (3/4)" />
            <line number="65" hits="2" branch="false" />
            <line number="66" hits="2" branch="false" />
            <line number="69" hits="1" branch="false" />
            <line number="70" hits="1" branch="false" />
            <line number="72" hits="3" branch="false" />
            <line number="74" hits="3" branch="false" />
            <line number="75" hits="3" branch="true" condition-coverage="75% (3/4)" />
            <line number="76" hits="2" branch="false" />
            <line number="77" hits="2" branch="false" />
            <line number="80" hits="1" branch="false" />
            <line number="81" hits="1" branch="false" />
            <line number="83" hits="3" branch="false" />
            <line number="85" hits="3" branch="false" />
            <line number="86" hits="3" branch="true" condition-coverage="69% (11/16)" />
            <line number="87" hits="3" branch="false" />
            <line number="88" hits="2" branch="false" />
            <line number="89" hits="2" branch="false" />
            <line number="92" hits="1" branch="false" />
            <line number="93" hits="1" branch="false" />
            <line number="95" hits="3" branch="false" />
            <line number="97" hits="3" branch="false" />
            <line number="98" hits="3" branch="false" />
            <line number="99" hits="3" branch="true" condition-coverage="100% (4/4)" />
            <line number="100" hits="2" branch="false" />
            <line number="101" hits="2" branch="false" />
            <line number="104" hits="1" branch="false" />
            <line number="105" hits="1" branch="false" />
            <line number="107" hits="3" branch="false" />
            <line number="109" hits="7" branch="false" />
            <line number="110" hits="7" branch="true" condition-coverage="75% (3/4)" />
            <line number="111" hits="6" branch="false" />
            <line number="112" hits="6" branch="false" />
            <line number="115" hits="1" branch="false" />
            <line number="116" hits="1" branch="false" />
            <line number="118" hits="7" branch="false" />
          </lines>
        </class>
        <class name="BLL.Doctor" filename="D:\vs project\Coursework_Safaryan\BLL\Doctor.cs" line-rate="1" branch-rate="0.84375" complexity="15">
          <methods>
            <method name="Speciality" signature="()" line-rate="1" branch-rate="1" complexity="NaN">
              <lines>
                <line number="19" hits="27" branch="false" />
              </lines>
            </method>
            <method name="Speciality" signature="(System.String)" line-rate="1" branch-rate="1" complexity="NaN">
              <lines>
                <line number="21" hits="6" branch="false" />
                <line number="22" hits="6" branch="true" condition-coverage="100% (2/2)" />
                <line number="23" hits="5" branch="false" />
                <line number="24" hits="5" branch="false" />
                <line number="25" hits="5" branch="false" />
                <line number="27" hits="1" branch="false" />
                <line number="28" hits="1" branch="false" />
                <line number="30" hits="5" branch="false" />
              </lines>
            </method>
            <method name="StartReceiptTime" signature="()" line-rate="1" branch-rate="1" complexity="NaN">
              <lines>
                <line number="43" hits="12" branch="false" />
              </lines>
            </method>
            <method name="StartReceiptTime" signature="(System.DateTime)" line-rate="1" branch-rate="1" complexity="NaN">
              <lines>
                <line number="44" hits="6" branch="false" />
              </lines>
            </method>
            <method name="EndReceipTime" signature="()" line-rate="1" branch-rate="1" complexity="NaN">
              <lines>
                <line number="48" hits="12" branch="false" />
              </lines>
            </method>
            <method name="EndReceipTime" signature="(System.DateTime)" line-rate="1" branch-rate="1" complexity="NaN">
              <lines>
                <line number="49" hits="6" branch="false" />
              </lines>
            </method>
            <method name="WorkTime" signature="()" line-rate="1" branch-rate="1" complexity="NaN">
              <lines>
                <line number="82" hits="113745" branch="false" />
              </lines>
            </method>
            <method name="TimeOfReceipt" signature="(System.Int32,System.Int32,System.Int32,System.Int32)" line-rate="1" branch-rate="1" complexity="NaN">
              <lines>
                <line number="33" hits="8" branch="false" />
                <line number="34" hits="8" branch="false" />
                <line number="35" hits="8" branch="false" />
                <line number="36" hits="8" branch="true" condition-coverage="100% (2/2)" />
                <line number="37" hits="1" branch="false" />
                <line number="38" hits="1" branch="false" />
                <line number="39" hits="1" branch="false" />
                <line number="40" hits="8" branch="false" />
              </lines>
            </method>
            <method name="WorkTimeFirstDay" signature="(System.Int32)" line-rate="1" branch-rate="1" complexity="NaN">
              <lines>
                <line number="52" hits="56" branch="false" />
                <line number="53" hits="56" branch="false" />
                <line number="54" hits="56" branch="false" />
                <line number="55" hits="56" branch="false" />
                <line number="56" hits="14392" branch="true" condition-coverage="100% (2/2)" />
                <line number="57" hits="14336" branch="false" />
                <line number="58" hits="14336" branch="false" />
                <line number="59" hits="14336" branch="false" />
                <line number="60" hits="14336" branch="false" />
                <line number="61" hits="28896" branch="true" condition-coverage="100% (2/2)" />
                <line number="62" hits="14392" branch="false" />
                <line number="63" hits="14392" branch="false" />
                <line number="64" hits="14392" branch="false" />
                <line number="65" hits="56" branch="false" />
                <line number="66" hits="56" branch="false" />
              </lines>
            </method>
            <method name="WorkTimeFilling" signature="()" line-rate="1" branch-rate="1" complexity="1">
              <lines>
                <line number="69" hits="8" branch="false" />
                <line number="71" hits="8" branch="false" />
                <line number="72" hits="8" branch="false" />
                <line number="73" hits="8" branch="false" />
                <line number="74" hits="8" branch="false" />
                <line number="75" hits="8" branch="false" />
                <line number="76" hits="8" branch="false" />
                <line number="77" hits="8" branch="false" />
                <line number="78" hits="8" branch="false" />
                <line number="79" hits="8" branch="false" />
              </lines>
            </method>
            <method name="StrWorkTime" signature="()" line-rate="1" branch-rate="0.7916666666666666" complexity="13">
              <lines>
                <line number="85" hits="1" branch="false" />
                <line number="86" hits="1" branch="false" />
                <line number="87" hits="1" branch="false" />
                <line number="88" hits="1" branch="false" />
                <line number="89" hits="1" branch="false" />
                <line number="90" hits="20" branch="true" condition-coverage="100% (2/2)" />
                <line number="91" hits="9" branch="false" />
                <line number="92" hits="9" branch="true" condition-coverage="50% (1/2)" />
                <line number="93" hits="9" branch="false" />
                <line number="94" hits="9" branch="true" condition-coverage="100% (2/2)" />
                <line number="95" hits="8" branch="false" />
                <line number="96" hits="8" branch="true" condition-coverage="100% (2/2)" />
                <line number="97" hits="1" branch="false" />
                <line number="98" hits="1" branch="false" />
                <line number="99" hits="1" branch="false" />
                <line number="100" hits="1" branch="false" />
                <line number="101" hits="123" branch="false" />
                <line number="102" hits="123" branch="false" />
                <line number="103" hits="123" branch="true" condition-coverage="50% (1/2)" />
                <line number="104" hits="123" branch="false" />
                <line number="105" hits="123" branch="true" condition-coverage="50% (1/2)" />
                <line number="106" hits="123" branch="false" />
                <line number="107" hits="123" branch="false" />
                <line number="108" hits="123" branch="true" condition-coverage="50% (1/2)" />
                <line number="109" hits="123" branch="false" />
                <line number="110" hits="123" branch="true" condition-coverage="100% (2/2)" />
                <line number="111" hits="1" branch="false" />
                <line number="112" hits="1" branch="false" />
                <line number="113" hits="1" branch="false" />
                <line number="115" hits="122" branch="false" />
                <line number="116" hits="122" branch="false" />
                <line number="118" hits="122" branch="false" />
                <line number="119" hits="122" branch="false" />
                <line number="120" hits="122" branch="false" />
                <line number="121" hits="1" branch="false" />
                <line number="122" hits="1" branch="false" />
                <line number="124" hits="7" branch="false" />
                <line number="125" hits="7" branch="false" />
                <line number="126" hits="7" branch="false" />
                <line number="127" hits="7" branch="false" />
                <line number="128" hits="3228" branch="false" />
                <line number="129" hits="3228" branch="false" />
                <line number="130" hits="3228" branch="true" condition-coverage="100% (2/2)" />
                <line number="131" hits="3227" branch="false" />
                <line number="132" hits="3227" branch="true" condition-coverage="50% (1/2)" />
                <line number="133" hits="3227" branch="false" />
                <line number="135" hits="3227" branch="false" />
                <line number="136" hits="3227" branch="true" condition-coverage="100% (2/2)" />
                <line number="137" hits="3226" branch="false" />
                <line number="138" hits="3226" branch="true" condition-coverage="100% (2/2)" />
                <line number="139" hits="6" branch="false" />
                <line number="140" hits="6" branch="false" />
                <line number="141" hits="6" branch="false" />
                <line number="143" hits="3220" branch="false" />
                <line number="144" hits="3221" branch="false" />
                <line number="145" hits="3221" branch="false" />
                <line number="146" hits="3221" branch="false" />
                <line number="148" hits="1" branch="false" />
                <line number="149" hits="1" branch="false" />
                <line number="151" hits="3221" branch="false" />
                <line number="152" hits="7" branch="false" />
                <line number="153" hits="7" branch="false" />
                <line number="155" hits="8" branch="false" />
                <line number="157" hits="1" branch="false" />
                <line number="158" hits="1" branch="false" />
                <line number="159" hits="1" branch="false" />
                <line number="160" hits="9" branch="false" />
                <line number="162" hits="9" branch="false" />
                <line number="163" hits="1" branch="false" />
                <line number="164" hits="1" branch="false" />
                <line number="165" hits="1" branch="false" />
              </lines>
            </method>
            <method name="RecordedPatients" signature="(System.Collections.Generic.List`1&lt;System.DateTime&gt;,BLL.ElectronicCardPatient)" line-rate="1" branch-rate="1" complexity="NaN">
              <lines>
                <line number="167" hits="3" branch="false" />
                <line number="168" hits="3" branch="false" />
                <line number="169" hits="3" branch="false" />
                <line number="170" hits="3" branch="false" />
                <line number="171" hits="3" branch="false" />
                <line number="172" hits="3" branch="false" />
                <line number="173" hits="3" branch="false" />
              </lines>
            </method>
            <method name=".ctor" signature="()" line-rate="1" branch-rate="1" complexity="1">
              <lines>
                <line number="14" hits="20" branch="false" />
                <line number="15" hits="20" branch="false" />
              </lines>
            </method>
          </methods>
          <lines>
            <line number="14" hits="20" branch="false" />
            <line number="15" hits="20" branch="false" />
            <line number="19" hits="27" branch="false" />
            <line number="21" hits="6" branch="false" />
            <line number="22" hits="6" branch="true" condition-coverage="100% (2/2)" />
            <line number="23" hits="5" branch="false" />
            <line number="24" hits="5" branch="false" />
            <line number="25" hits="5" branch="false" />
            <line number="27" hits="1" branch="false" />
            <line number="28" hits="1" branch="false" />
            <line number="30" hits="5" branch="false" />
            <line number="33" hits="8" branch="false" />
            <line number="34" hits="8" branch="false" />
            <line number="35" hits="8" branch="false" />
            <line number="36" hits="8" branch="true" condition-coverage="100% (2/2)" />
            <line number="37" hits="1" branch="false" />
            <line number="38" hits="1" branch="false" />
            <line number="39" hits="1" branch="false" />
            <line number="40" hits="8" branch="false" />
            <line number="43" hits="12" branch="false" />
            <line number="44" hits="6" branch="false" />
            <line number="48" hits="12" branch="false" />
            <line number="49" hits="6" branch="false" />
            <line number="52" hits="56" branch="false" />
            <line number="53" hits="56" branch="false" />
            <line number="54" hits="56" branch="false" />
            <line number="55" hits="56" branch="false" />
            <line number="56" hits="14392" branch="true" condition-coverage="100% (2/2)" />
            <line number="57" hits="14336" branch="false" />
            <line number="58" hits="14336" branch="false" />
            <line number="59" hits="14336" branch="false" />
            <line number="60" hits="14336" branch="false" />
            <line number="61" hits="28896" branch="true" condition-coverage="100% (2/2)" />
            <line number="62" hits="14392" branch="false" />
            <line number="63" hits="14392" branch="false" />
            <line number="64" hits="14392" branch="false" />
            <line number="65" hits="56" branch="false" />
            <line number="66" hits="56" branch="false" />
            <line number="69" hits="8" branch="false" />
            <line number="71" hits="8" branch="false" />
            <line number="72" hits="8" branch="false" />
            <line number="73" hits="8" branch="false" />
            <line number="74" hits="8" branch="false" />
            <line number="75" hits="8" branch="false" />
            <line number="76" hits="8" branch="false" />
            <line number="77" hits="8" branch="false" />
            <line number="78" hits="8" branch="false" />
            <line number="79" hits="8" branch="false" />
            <line number="82" hits="113745" branch="false" />
            <line number="85" hits="1" branch="false" />
            <line number="86" hits="1" branch="false" />
            <line number="87" hits="1" branch="false" />
            <line number="88" hits="1" branch="false" />
            <line number="89" hits="1" branch="false" />
            <line number="90" hits="20" branch="true" condition-coverage="100% (2/2)" />
            <line number="91" hits="9" branch="false" />
            <line number="92" hits="9" branch="true" condition-coverage="50% (1/2)" />
            <line number="93" hits="9" branch="false" />
            <line number="94" hits="9" branch="true" condition-coverage="100% (2/2)" />
            <line number="95" hits="8" branch="false" />
            <line number="96" hits="8" branch="true" condition-coverage="100% (2/2)" />
            <line number="97" hits="1" branch="false" />
            <line number="98" hits="1" branch="false" />
            <line number="99" hits="1" branch="false" />
            <line number="100" hits="1" branch="false" />
            <line number="101" hits="123" branch="false" />
            <line number="102" hits="123" branch="false" />
            <line number="103" hits="123" branch="true" condition-coverage="50% (1/2)" />
            <line number="104" hits="123" branch="false" />
            <line number="105" hits="123" branch="true" condition-coverage="50% (1/2)" />
            <line number="106" hits="123" branch="false" />
            <line number="107" hits="123" branch="false" />
            <line number="108" hits="123" branch="true" condition-coverage="50% (1/2)" />
            <line number="109" hits="123" branch="false" />
            <line number="110" hits="123" branch="true" condition-coverage="100% (2/2)" />
            <line number="111" hits="1" branch="false" />
            <line number="112" hits="1" branch="false" />
            <line number="113" hits="1" branch="false" />
            <line number="115" hits="122" branch="false" />
            <line number="116" hits="122" branch="false" />
            <line number="118" hits="122" branch="false" />
            <line number="119" hits="122" branch="false" />
            <line number="120" hits="122" branch="false" />
            <line number="121" hits="1" branch="false" />
            <line number="122" hits="1" branch="false" />
            <line number="124" hits="7" branch="false" />
            <line number="125" hits="7" branch="false" />
            <line number="126" hits="7" branch="false" />
            <line number="127" hits="7" branch="false" />
            <line number="128" hits="3228" branch="false" />
            <line number="129" hits="3228" branch="false" />
            <line number="130" hits="3228" branch="true" condition-coverage="100% (2/2)" />
            <line number="131" hits="3227" branch="false" />
            <line number="132" hits="3227" branch="true" condition-coverage="50% (1/2)" />
            <line number="133" hits="3227" branch="false" />
            <line number="135" hits="3227" branch="false" />
            <line number="136" hits="3227" branch="true" condition-coverage="100% (2/2)" />
            <line number="137" hits="3226" branch="false" />
            <line number="138" hits="3226" branch="true" condition-coverage="100% (2/2)" />
            <line number="139" hits="6" branch="false" />
            <line number="140" hits="6" branch="false" />
            <line number="141" hits="6" branch="false" />
            <line number="143" hits="3220" branch="false" />
            <line number="144" hits="3221" branch="false" />
            <line number="145" hits="3221" branch="false" />
            <line number="146" hits="3221" branch="false" />
            <line number="148" hits="1" branch="false" />
            <line number="149" hits="1" branch="false" />
            <line number="151" hits="3221" branch="false" />
            <line number="152" hits="7" branch="false" />
            <line number="153" hits="7" branch="false" />
            <line number="155" hits="8" branch="false" />
            <line number="157" hits="1" branch="false" />
            <line number="158" hits="1" branch="false" />
            <line number="159" hits="1" branch="false" />
            <line number="160" hits="9" branch="false" />
            <line number="162" hits="9" branch="false" />
            <line number="163" hits="1" branch="false" />
            <line number="164" hits="1" branch="false" />
            <line number="165" hits="1" branch="false" />
            <line number="167" hits="3" branch="false" />
            <line number="168" hits="3" branch="false" />
            <line number="169" hits="3" branch="false" />
            <line number="170" hits="3" branch="false" />
            <line number="171" hits="3" branch="false" />
            <line number="172" hits="3" branch="false" />
            <line number="173" hits="3" branch="false" />
          </lines>
        </class>
        <class name="BLL.ElectronicCardPatient" filename="D:\vs project\Coursework_Safaryan\BLL\ElectronicCardPatient.cs" line-rate="1" branch-rate="1" complexity="NaN">
          <methods>
            <method name="CodeCard" signature="()" line-rate="1" branch-rate="1" complexity="NaN">
              <lines>
                <line number="16" hits="18" branch="false" />
              </lines>
            </method>
            <method name="CodeCard" signature="(System.String)" line-rate="1" branch-rate="1" complexity="NaN">
              <lines>
                <line number="18" hits="3" branch="false" />
                <line number="19" hits="3" branch="true" condition-coverage="100% (2/2)" />
                <line number="20" hits="2" branch="false" />
                <line number="21" hits="2" branch="false" />
                <line number="22" hits="2" branch="false" />
                <line number="24" hits="1" branch="false" />
                <line number="25" hits="1" branch="false" />
                <line number="27" hits="2" branch="false" />
              </lines>
            </method>
            <method name="DayOfAdmission" signature="()" line-rate="1" branch-rate="1" complexity="NaN">
              <lines>
                <line number="41" hits="12" branch="false" />
              </lines>
            </method>
            <method name="DayOfAdmission" signature="(System.Int32)" line-rate="1" branch-rate="1" complexity="NaN">
              <lines>
                <line number="41" hits="12" branch="false" />
              </lines>
            </method>
            <method name="HourOfAdmission" signature="()" line-rate="1" branch-rate="1" complexity="NaN">
              <lines>
                <line number="45" hits="12" branch="false" />
              </lines>
            </method>
            <method name="HourOfAdmission" signature="(System.Int32)" line-rate="1" branch-rate="1" complexity="NaN">
              <lines>
                <line number="45" hits="12" branch="false" />
              </lines>
            </method>
            <method name="MinuteOfAdmission" signature="()" line-rate="1" branch-rate="1" complexity="NaN">
              <lines>
                <line number="49" hits="12" branch="false" />
              </lines>
            </method>
            <method name="MinuteOfAdmission" signature="(System.Int32)" line-rate="1" branch-rate="1" complexity="NaN">
              <lines>
                <line number="49" hits="12" branch="false" />
              </lines>
            </method>
            <method name="DurationOfAdmission" signature="()" line-rate="1" branch-rate="1" complexity="NaN">
              <lines>
                <line number="53" hits="231" branch="false" />
              </lines>
            </method>
            <method name="DurationOfAdmission" signature="(System.Int32)" line-rate="1" branch-rate="1" complexity="NaN">
              <lines>
                <line number="55" hits="7" branch="false" />
                <line number="56" hits="7" branch="true" condition-coverage="100% (2/2)" />
                <line number="57" hits="6" branch="false" />
                <line number="58" hits="6" branch="false" />
                <line number="59" hits="6" branch="false" />
                <line number="61" hits="1" branch="false" />
                <line number="62" hits="1" branch="false" />
                <line number="64" hits="6" branch="false" />
              </lines>
            </method>
            <method name="Receptions" signature="(System.Collections.Generic.List`1&lt;System.DateTime&gt;,BLL.Doctor)" line-rate="1" branch-rate="1" complexity="NaN">
              <lines>
                <line number="30" hits="3" branch="false" />
                <line number="31" hits="3" branch="false" />
                <line number="32" hits="3" branch="false" />
                <line number="33" hits="3" branch="false" />
                <line number="34" hits="3" branch="false" />
                <line number="36" hits="3" branch="false" />
                <line number="38" hits="3" branch="false" />
              </lines>
            </method>
          </methods>
          <lines>
            <line number="16" hits="18" branch="false" />
            <line number="18" hits="3" branch="false" />
            <line number="19" hits="3" branch="true" condition-coverage="100% (2/2)" />
            <line number="20" hits="2" branch="false" />
            <line number="21" hits="2" branch="false" />
            <line number="22" hits="2" branch="false" />
            <line number="24" hits="1" branch="false" />
            <line number="25" hits="1" branch="false" />
            <line number="27" hits="2" branch="false" />
            <line number="30" hits="3" branch="false" />
            <line number="31" hits="3" branch="false" />
            <line number="32" hits="3" branch="false" />
            <line number="33" hits="3" branch="false" />
            <line number="34" hits="3" branch="false" />
            <line number="36" hits="3" branch="false" />
            <line number="38" hits="3" branch="false" />
            <line number="41" hits="12" branch="false" />
            <line number="45" hits="12" branch="false" />
            <line number="49" hits="12" branch="false" />
            <line number="53" hits="231" branch="false" />
            <line number="55" hits="7" branch="false" />
            <line number="56" hits="7" branch="true" condition-coverage="100% (2/2)" />
            <line number="57" hits="6" branch="false" />
            <line number="58" hits="6" branch="false" />
            <line number="59" hits="6" branch="false" />
            <line number="61" hits="1" branch="false" />
            <line number="62" hits="1" branch="false" />
            <line number="64" hits="6" branch="false" />
          </lines>
        </class>
        <class name="BLL.Patient" filename="D:\vs project\Coursework_Safaryan\BLL\Patient.cs" line-rate="1" branch-rate="1" complexity="NaN">
          <methods>
            <method name="Growth" signature="()" line-rate="1" branch-rate="1" complexity="NaN">
              <lines>
                <line number="18" hits="3" branch="false" />
              </lines>
            </method>
            <method name="Growth" signature="(System.Double)" line-rate="1" branch-rate="1" complexity="NaN">
              <lines>
                <line number="20" hits="3" branch="false" />
                <line number="21" hits="3" branch="true" condition-coverage="100% (2/2)" />
                <line number="22" hits="2" branch="false" />
                <line number="23" hits="2" branch="false" />
                <line number="24" hits="2" branch="false" />
                <line number="26" hits="1" branch="false" />
                <line number="27" hits="1" branch="false" />
                <line number="29" hits="2" branch="false" />
              </lines>
            </method>
            <method name="Weight" signature="()" line-rate="1" branch-rate="1" complexity="NaN">
              <lines>
                <line number="33" hits="3" branch="false" />
              </lines>
            </method>
            <method name="Weight" signature="(System.Double)" line-rate="1" branch-rate="1" complexity="NaN">
              <lines>
                <line number="35" hits="3" branch="false" />
                <line number="36" hits="3" branch="true" condition-coverage="100% (2/2)" />
                <line number="37" hits="2" branch="false" />
                <line number="38" hits="2" branch="false" />
                <line number="39" hits="2" branch="false" />
                <line number="41" hits="1" branch="false" />
                <line number="42" hits="1" branch="false" />
                <line number="44" hits="2" branch="false" />
              </lines>
            </method>
            <method name="BloodType" signature="()" line-rate="1" branch-rate="1" complexity="NaN">
              <lines>
                <line number="48" hits="3" branch="false" />
              </lines>
            </method>
            <method name="BloodType" signature="(System.String)" line-rate="1" branch-rate="1" complexity="NaN">
              <lines>
                <line number="50" hits="3" branch="false" />
                <line number="51" hits="3" branch="true" condition-coverage="100% (2/2)" />
                <line number="52" hits="2" branch="false" />
                <line number="53" hits="2" branch="false" />
                <line number="54" hits="2" branch="false" />
                <line number="56" hits="1" branch="false" />
                <line number="57" hits="1" branch="false" />
                <line number="59" hits="2" branch="false" />
              </lines>
            </method>
            <method name="DateBirth" signature="()" line-rate="1" branch-rate="1" complexity="NaN">
              <lines>
                <line number="63" hits="3" branch="false" />
              </lines>
            </method>
            <method name="DateBirth" signature="(System.DateTime)" line-rate="1" branch-rate="1" complexity="NaN">
              <lines>
                <line number="65" hits="3" branch="false" />
                <line number="66" hits="3" branch="true" condition-coverage="100% (2/2)" />
                <line number="67" hits="2" branch="false" />
                <line number="68" hits="2" branch="false" />
                <line number="69" hits="2" branch="false" />
                <line number="71" hits="1" branch="false" />
                <line number="72" hits="1" branch="false" />
                <line number="74" hits="2" branch="false" />
              </lines>
            </method>
          </methods>
          <lines>
            <line number="18" hits="3" branch="false" />
            <line number="20" hits="3" branch="false" />
            <line number="21" hits="3" branch="true" condition-coverage="100% (2/2)" />
            <line number="22" hits="2" branch="false" />
            <line number="23" hits="2" branch="false" />
            <line number="24" hits="2" branch="false" />
            <line number="26" hits="1" branch="false" />
            <line number="27" hits="1" branch="false" />
            <line number="29" hits="2" branch="false" />
            <line number="33" hits="3" branch="false" />
            <line number="35" hits="3" branch="false" />
            <line number="36" hits="3" branch="true" condition-coverage="100% (2/2)" />
            <line number="37" hits="2" branch="false" />
            <line number="38" hits="2" branch="false" />
            <line number="39" hits="2" branch="false" />
            <line number="41" hits="1" branch="false" />
            <line number="42" hits="1" branch="false" />
            <line number="44" hits="2" branch="false" />
            <line number="48" hits="3" branch="false" />
            <line number="50" hits="3" branch="false" />
            <line number="51" hits="3" branch="true" condition-coverage="100% (2/2)" />
            <line number="52" hits="2" branch="false" />
            <line number="53" hits="2" branch="false" />
            <line number="54" hits="2" branch="false" />
            <line number="56" hits="1" branch="false" />
            <line number="57" hits="1" branch="false" />
            <line number="59" hits="2" branch="false" />
            <line number="63" hits="3" branch="false" />
            <line number="65" hits="3" branch="false" />
            <line number="66" hits="3" branch="true" condition-coverage="100% (2/2)" />
            <line number="67" hits="2" branch="false" />
            <line number="68" hits="2" branch="false" />
            <line number="69" hits="2" branch="false" />
            <line number="71" hits="1" branch="false" />
            <line number="72" hits="1" branch="false" />
            <line number="74" hits="2" branch="false" />
          </lines>
        </class>
        <class name="BLL.Reception" filename="D:\vs project\Coursework_Safaryan\BLL\Reception.cs" line-rate="0.9629629629629629" branch-rate="0.8888888888888888" complexity="11">
          <methods>
            <method name="Checking" signature="()" line-rate="1" branch-rate="1" complexity="NaN">
              <lines>
                <line number="14" hits="3" branch="false" />
              </lines>
            </method>
            <method name=".ctor" signature="(BLL.Doctor,BLL.ElectronicCardPatient)" line-rate="1" branch-rate="1" complexity="NaN">
              <lines>
                <line number="11" hits="5" branch="false" />
                <line number="12" hits="5" branch="false" />
                <line number="13" hits="5" branch="false" />
                <line number="14" hits="3" branch="false" />
                <line number="15" hits="5" branch="false" />
                <line number="16" hits="5" branch="false" />
                <line number="17" hits="5" branch="false" />
                <line number="18" hits="5" branch="false" />
                <line number="19" hits="5" branch="false" />
              </lines>
            </method>
            <method name="SpaceForRecordedPatients" signature="()" line-rate="0.9428571428571428" branch-rate="0.8888888888888888" complexity="10">
              <lines>
                <line number="21" hits="5" branch="false" />
                <line number="22" hits="5" branch="false" />
                <line number="23" hits="5" branch="false" />
                <line number="24" hits="13582" branch="true" condition-coverage="100% (2/2)" />
                <line number="25" hits="6786" branch="false" />
                <line number="26" hits="6786" branch="true" condition-coverage="100% (4/4)" />
                <line number="27" hits="3" branch="false" />
                <line number="28" hits="3" branch="false" />
                <line number="29" hits="3" branch="false" />
                <line number="30" hits="6786" branch="false" />
                <line number="31" hits="5" branch="true" condition-coverage="100% (2/2)" />
                <line number="32" hits="3" branch="false" />
                <line number="33" hits="298" branch="true" condition-coverage="50% (1/2)" />
                <line number="34" hits="149" branch="false" />
                <line number="35" hits="149" branch="true" condition-coverage="100% (2/2)" />
                <line number="36" hits="3" branch="false" />
                <line number="37" hits="72" branch="true" condition-coverage="100% (2/2)" />
                <line number="38" hits="33" branch="false" />
                <line number="39" hits="33" branch="false" />
                <line number="40" hits="33" branch="false" />
                <line number="41" hits="3" branch="true" condition-coverage="50% (1/2)" />
                <line number="42" hits="3" branch="false" />
                <line number="43" hits="66" branch="true" condition-coverage="100% (2/2)" />
                <line number="44" hits="30" branch="false" />
                <line number="45" hits="30" branch="false" />
                <line number="46" hits="30" branch="false" />
                <line number="47" hits="30" branch="false" />
                <line number="48" hits="3" branch="false" />
                <line number="49" hits="3" branch="false" />
                <line number="50" hits="3" branch="false" />
                <line number="52" hits="0" branch="false" />
                <line number="53" hits="146" branch="false" />
                <line number="54" hits="0" branch="false" />
                <line number="55" hits="2" branch="false" />
                <line number="57" hits="5" branch="false" />
              </lines>
            </method>
            <method name="StrSpaceForRecordedPatients" signature="()" line-rate="1" branch-rate="1" complexity="1">
              <lines>
                <line number="59" hits="1" branch="false" />
                <line number="60" hits="1" branch="false" />
                <line number="61" hits="1" branch="false" />
                <line number="62" hits="1" branch="false" />
                <line number="63" hits="1" branch="false" />
                <line number="64" hits="1" branch="false" />
                <line number="65" hits="1" branch="false" />
                <line number="66" hits="1" branch="false" />
                <line number="68" hits="1" branch="false" />
                <line number="69" hits="1" branch="false" />
              </lines>
            </method>
          </methods>
          <lines>
            <line number="11" hits="5" branch="false" />
            <line number="12" hits="5" branch="false" />
            <line number="13" hits="5" branch="false" />
            <line number="14" hits="3" branch="false" />
            <line number="15" hits="5" branch="false" />
            <line number="16" hits="5" branch="false" />
            <line number="17" hits="5" branch="false" />
            <line number="18" hits="5" branch="false" />
            <line number="19" hits="5" branch="false" />
            <line number="21" hits="5" branch="false" />
            <line number="22" hits="5" branch="false" />
            <line number="23" hits="5" branch="false" />
            <line number="24" hits="13582" branch="true" condition-coverage="100% (2/2)" />
            <line number="25" hits="6786" branch="false" />
            <line number="26" hits="6786" branch="true" condition-coverage="100% (4/4)" />
            <line number="27" hits="3" branch="false" />
            <line number="28" hits="3" branch="false" />
            <line number="29" hits="3" branch="false" />
            <line number="30" hits="6786" branch="false" />
            <line number="31" hits="5" branch="true" condition-coverage="100% (2/2)" />
            <line number="32" hits="3" branch="false" />
            <line number="33" hits="298" branch="true" condition-coverage="50% (1/2)" />
            <line number="34" hits="149" branch="false" />
            <line number="35" hits="149" branch="true" condition-coverage="100% (2/2)" />
            <line number="36" hits="3" branch="false" />
            <line number="37" hits="72" branch="true" condition-coverage="100% (2/2)" />
            <line number="38" hits="33" branch="false" />
            <line number="39" hits="33" branch="false" />
            <line number="40" hits="33" branch="false" />
            <line number="41" hits="3" branch="true" condition-coverage="50% (1/2)" />
            <line number="42" hits="3" branch="false" />
            <line number="43" hits="66" branch="true" condition-coverage="100% (2/2)" />
            <line number="44" hits="30" branch="false" />
            <line number="45" hits="30" branch="false" />
            <line number="46" hits="30" branch="false" />
            <line number="47" hits="30" branch="false" />
            <line number="48" hits="3" branch="false" />
            <line number="49" hits="3" branch="false" />
            <line number="50" hits="3" branch="false" />
            <line number="52" hits="0" branch="false" />
            <line number="53" hits="146" branch="false" />
            <line number="54" hits="0" branch="false" />
            <line number="55" hits="2" branch="false" />
            <line number="57" hits="5" branch="false" />
            <line number="59" hits="1" branch="false" />
            <line number="60" hits="1" branch="false" />
            <line number="61" hits="1" branch="false" />
            <line number="62" hits="1" branch="false" />
            <line number="63" hits="1" branch="false" />
            <line number="64" hits="1" branch="false" />
            <line number="65" hits="1" branch="false" />
            <line number="66" hits="1" branch="false" />
            <line number="68" hits="1" branch="false" />
            <line number="69" hits="1" branch="false" />
          </lines>
        </class>
      </classes>
    </package>
    <package name="CourseWork.Test" line-rate="0.888268156424581" branch-rate="0.55" complexity="51">
      <classes>
        <class name="CourseWork.Test.BLLtest" filename="D:\vs project\Coursework_Safaryan\CourseWork.Test\BLLtest.cs" line-rate="0.8862275449101796" branch-rate="0.5652173913043478" complexity="43">
          <methods>
            <method name="InputDoctorAgeCorrect" signature="()" line-rate="0.9166666666666666" branch-rate="1" complexity="1">
              <lines>
                <line number="16" hits="1" branch="false" />
                <line number="17" hits="1" branch="false" />
                <line number="18" hits="1" branch="false" />
                <line number="19" hits="1" branch="false" />
                <line number="22" hits="1" branch="false" />
                <line number="23" hits="1" branch="false" />
                <line number="24" hits="0" branch="false" />
                <line number="25" hits="1" branch="false" />
                <line number="26" hits="1" branch="false" />
                <line number="27" hits="1" branch="false" />
                <line number="28" hits="1" branch="false" />
                <line number="29" hits="1" branch="false" />
              </lines>
            </method>
            <method name="InputDoctorNameCorrect" signature="()" line-rate="0.6666666666666666" branch-rate="1" complexity="1">
              <lines>
                <line number="32" hits="1" branch="false" />
                <line number="33" hits="1" branch="false" />
                <line number="34" hits="1" branch="false" />
                <line number="35" hits="1" branch="false" />
                <line number="37" hits="1" branch="false" />
                <line number="38" hits="1" branch="false" />
                <line number="39" hits="1" branch="false" />
                <line number="40" hits="0" branch="false" />
                <line number="41" hits="0" branch="false" />
                <line number="42" hits="0" branch="false" />
                <line number="43" hits="0" branch="false" />
                <line number="44" hits="1" branch="false" />
              </lines>
            </method>
            <method name="InputDoctorSurnameCorrect" signature="()" line-rate="0.6666666666666666" branch-rate="1" complexity="1">
              <lines>
                <line number="47" hits="1" branch="false" />
                <line number="48" hits="1" branch="false" />
                <line number="49" hits="1" branch="false" />
                <line number="50" hits="1" branch="false" />
                <line number="53" hits="1" branch="false" />
                <line number="54" hits="1" branch="false" />
                <line number="55" hits="1" branch="false" />
                <line number="56" hits="0" branch="false" />
                <line number="57" hits="0" branch="false" />
                <line number="58" hits="0" branch="false" />
                <line number="59" hits="0" branch="false" />
                <line number="60" hits="1" branch="false" />
              </lines>
            </method>
            <method name="InputDoctorPatronymicCorrect" signature="()" line-rate="0.6666666666666666" branch-rate="1" complexity="1">
              <lines>
                <line number="63" hits="1" branch="false" />
                <line number="64" hits="1" branch="false" />
                <line number="65" hits="1" branch="false" />
                <line number="66" hits="1" branch="false" />
                <line number="69" hits="1" branch="false" />
                <line number="70" hits="1" branch="false" />
                <line number="71" hits="1" branch="false" />
                <line number="72" hits="0" branch="false" />
                <line number="73" hits="0" branch="false" />
                <line number="74" hits="0" branch="false" />
                <line number="75" hits="0" branch="false" />
                <line number="76" hits="1" branch="false" />
              </lines>
            </method>
            <method name="InputDoctorSpecialityCorrect" signature="()" line-rate="0.9166666666666666" branch-rate="1" complexity="1">
              <lines>
                <line number="79" hits="1" branch="false" />
                <line number="80" hits="1" branch="false" />
                <line number="81" hits="1" branch="false" />
                <line number="82" hits="1" branch="false" />
                <line number="85" hits="1" branch="false" />
                <line number="86" hits="1" branch="false" />
                <line number="87" hits="0" branch="false" />
                <line number="88" hits="1" branch="false" />
                <line number="89" hits="1" branch="false" />
                <line number="90" hits="1" branch="false" />
                <line number="91" hits="1" branch="false" />
                <line number="92" hits="1" branch="false" />
              </lines>
            </method>
            <method name="InputDoctorTimeOfReceiptCorrect" signature="()" line-rate="1" branch-rate="0.5" complexity="2">
              <lines>
                <line number="95" hits="1" branch="false" />
                <line number="96" hits="1" branch="false" />
                <line number="97" hits="1" branch="false" />
                <line number="98" hits="1" branch="false" />
                <line number="99" hits="1" branch="true" condition-coverage="50% (1/2)" />
                <line number="100" hits="1" branch="false" />
                <line number="101" hits="1" branch="false" />
                <line number="102" hits="1" branch="false" />
                <line number="103" hits="1" branch="false" />
              </lines>
            </method>
            <method name="InputPatientDurationOfAdmissionCorrect" signature="()" line-rate="0.9090909090909091" branch-rate="1" complexity="1">
              <lines>
                <line number="106" hits="1" branch="false" />
                <line number="107" hits="1" branch="false" />
                <line number="108" hits="1" branch="false" />
                <line number="110" hits="1" branch="false" />
                <line number="111" hits="1" branch="false" />
                <line number="112" hits="0" branch="false" />
                <line number="113" hits="1" branch="false" />
                <line number="114" hits="1" branch="false" />
                <line number="115" hits="1" branch="false" />
                <line number="116" hits="1" branch="false" />
                <line number="117" hits="1" branch="false" />
              </lines>
            </method>
            <method name="InputPatientGrowthCorrect" signature="()" line-rate="0.9090909090909091" branch-rate="1" complexity="1">
              <lines>
                <line number="120" hits="1" branch="false" />
                <line number="121" hits="1" branch="false" />
                <line number="122" hits="1" branch="false" />
                <line number="124" hits="1" branch="false" />
                <line number="125" hits="1" branch="false" />
                <line number="126" hits="0" branch="false" />
                <line number="127" hits="1" branch="false" />
                <line number="128" hits="1" branch="false" />
                <line number="129" hits="1" branch="false" />
                <line number="130" hits="1" branch="false" />
                <line number="131" hits="1" branch="false" />
              </lines>
            </method>
            <method name="InputPatientWeightCorrect" signature="()" line-rate="0.9090909090909091" branch-rate="1" complexity="1">
              <lines>
                <line number="134" hits="1" branch="false" />
                <line number="135" hits="1" branch="false" />
                <line number="136" hits="1" branch="false" />
                <line number="138" hits="1" branch="false" />
                <line number="139" hits="1" branch="false" />
                <line number="140" hits="0" branch="false" />
                <line number="141" hits="1" branch="false" />
                <line number="142" hits="1" branch="false" />
                <line number="143" hits="1" branch="false" />
                <line number="144" hits="1" branch="false" />
                <line number="145" hits="1" branch="false" />
              </lines>
            </method>
            <method name="InputPatientBloodTypeCorrect" signature="()" line-rate="0.9090909090909091" branch-rate="1" complexity="1">
              <lines>
                <line number="148" hits="1" branch="false" />
                <line number="149" hits="1" branch="false" />
                <line number="150" hits="1" branch="false" />
                <line number="152" hits="1" branch="false" />
                <line number="153" hits="1" branch="false" />
                <line number="154" hits="0" branch="false" />
                <line number="155" hits="1" branch="false" />
                <line number="156" hits="1" branch="false" />
                <line number="157" hits="1" branch="false" />
                <line number="158" hits="1" branch="false" />
                <line number="159" hits="1" branch="false" />
              </lines>
            </method>
            <method name="InputPatientCodeCardCorrect" signature="()" line-rate="0.9090909090909091" branch-rate="1" complexity="1">
              <lines>
                <line number="162" hits="1" branch="false" />
                <line number="163" hits="1" branch="false" />
                <line number="164" hits="1" branch="false" />
                <line number="166" hits="1" branch="false" />
                <line number="167" hits="1" branch="false" />
                <line number="168" hits="0" branch="false" />
                <line number="169" hits="1" branch="false" />
                <line number="170" hits="1" branch="false" />
                <line number="171" hits="1" branch="false" />
                <line number="172" hits="1" branch="false" />
                <line number="173" hits="1" branch="false" />
              </lines>
            </method>
            <method name="InputPatientDateBirthCorrect" signature="()" line-rate="0.9166666666666666" branch-rate="1" complexity="1">
              <lines>
                <line number="176" hits="1" branch="false" />
                <line number="177" hits="1" branch="false" />
                <line number="178" hits="1" branch="false" />
                <line number="179" hits="1" branch="false" />
                <line number="181" hits="1" branch="false" />
                <line number="182" hits="1" branch="false" />
                <line number="183" hits="0" branch="false" />
                <line number="184" hits="1" branch="false" />
                <line number="185" hits="1" branch="false" />
                <line number="186" hits="1" branch="false" />
                <line number="187" hits="1" branch="false" />
                <line number="188" hits="1" branch="false" />
              </lines>
            </method>
            <method name="CharacteristicDoctorDataTest" signature="()" line-rate="1" branch-rate="0.5" complexity="7">
              <lines>
                <line number="191" hits="1" branch="false" />
                <line number="192" hits="1" branch="false" />
                <line number="193" hits="1" branch="false" />
                <line number="194" hits="1" branch="false" />
                <line number="195" hits="1" branch="false" />
                <line number="196" hits="1" branch="false" />
                <line number="197" hits="1" branch="false" />
                <line number="198" hits="1" branch="false" />
                <line number="199" hits="1" branch="false" />
                <line number="200" hits="1" branch="false" />
                <line number="201" hits="1" branch="false" />
                <line number="202" hits="1" branch="false" />
                <line number="203" hits="1" branch="false" />
                <line number="204" hits="1" branch="false" />
                <line number="205" hits="1" branch="false" />
                <line number="206" hits="1" branch="true" condition-coverage="50% (6/12)" />
                <line number="207" hits="1" branch="false" />
                <line number="208" hits="1" branch="false" />
                <line number="209" hits="1" branch="false" />
                <line number="210" hits="1" branch="false" />
                <line number="211" hits="1" branch="false" />
              </lines>
            </method>
            <method name="CharacteristicPatientTest" signature="()" line-rate="1" branch-rate="0.5" complexity="10">
              <lines>
                <line number="214" hits="1" branch="false" />
                <line number="215" hits="1" branch="false" />
                <line number="216" hits="1" branch="false" />
                <line number="217" hits="1" branch="false" />
                <line number="218" hits="1" branch="false" />
                <line number="219" hits="1" branch="false" />
                <line number="220" hits="1" branch="false" />
                <line number="221" hits="1" branch="false" />
                <line number="222" hits="1" branch="false" />
                <line number="223" hits="1" branch="false" />
                <line number="224" hits="1" branch="false" />
                <line number="225" hits="1" branch="false" />
                <line number="226" hits="1" branch="false" />
                <line number="227" hits="1" branch="false" />
                <line number="228" hits="1" branch="false" />
                <line number="229" hits="1" branch="false" />
                <line number="230" hits="1" branch="false" />
                <line number="231" hits="1" branch="false" />
                <line number="232" hits="1" branch="false" />
                <line number="233" hits="1" branch="false" />
                <line number="234" hits="1" branch="true" condition-coverage="50% (9/18)" />
                <line number="235" hits="1" branch="false" />
                <line number="236" hits="1" branch="false" />
                <line number="237" hits="1" branch="false" />
                <line number="238" hits="1" branch="false" />
                <line number="239" hits="1" branch="false" />
                <line number="240" hits="1" branch="false" />
              </lines>
            </method>
            <method name="TestTime" signature="()" line-rate="0.8421052631578947" branch-rate="0.8333333333333334" complexity="4">
              <lines>
                <line number="243" hits="1" branch="false" />
                <line number="244" hits="1" branch="false" />
                <line number="245" hits="1" branch="false" />
                <line number="246" hits="1" branch="false" />
                <line number="247" hits="1" branch="false" />
                <line number="248" hits="962" branch="true" condition-coverage="100% (2/2)" />
                <line number="249" hits="480" branch="false" />
                <line number="250" hits="480" branch="false" />
                <line number="251" hits="480" branch="false" />
                <line number="252" hits="1" branch="false" />
                <line number="253" hits="962" branch="true" condition-coverage="100% (2/2)" />
                <line number="254" hits="480" branch="false" />
                <line number="255" hits="480" branch="false" />
                <line number="256" hits="480" branch="false" />
                <line number="257" hits="1" branch="true" condition-coverage="50% (1/2)" />
                <line number="258" hits="0" branch="false" />
                <line number="259" hits="0" branch="false" />
                <line number="260" hits="0" branch="false" />
                <line number="261" hits="1" branch="false" />
              </lines>
            </method>
            <method name="ReceptionTesting" signature="()" line-rate="0.8636363636363636" branch-rate="0.75" complexity="3">
              <lines>
                <line number="264" hits="1" branch="false" />
                <line number="265" hits="1" branch="false" />
                <line number="266" hits="1" branch="false" />
                <line number="267" hits="1" branch="false" />
                <line number="268" hits="1" branch="false" />
                <line number="269" hits="1" branch="false" />
                <line number="270" hits="1" branch="false" />
                <line number="271" hits="1" branch="false" />
                <line number="272" hits="1" branch="false" />
                <line number="273" hits="1" branch="false" />
                <line number="274" hits="1" branch="false" />
                <line number="275" hits="1" branch="false" />
                <line number="277" hits="1" branch="false" />
                <line number="278" hits="24" branch="true" condition-coverage="100% (2/2)" />
                <line number="279" hits="11" branch="false" />
                <line number="280" hits="11" branch="false" />
                <line number="281" hits="11" branch="false" />
                <line number="282" hits="1" branch="true" condition-coverage="50% (1/2)" />
                <line number="283" hits="0" branch="false" />
                <line number="284" hits="0" branch="false" />
                <line number="285" hits="0" branch="false" />
                <line number="286" hits="1" branch="false" />
              </lines>
            </method>
            <method name="ReceptionError1Testing" signature="()" line-rate="0.8" branch-rate="1" complexity="1">
              <lines>
                <line number="289" hits="1" branch="false" />
                <line number="290" hits="1" branch="false" />
                <line number="291" hits="1" branch="false" />
                <line number="292" hits="1" branch="false" />
                <line number="293" hits="1" branch="false" />
                <line number="294" hits="1" branch="false" />
                <line number="295" hits="1" branch="false" />
                <line number="296" hits="1" branch="false" />
                <line number="297" hits="1" branch="false" />
                <line number="298" hits="1" branch="false" />
                <line number="299" hits="1" branch="false" />
                <line number="301" hits="1" branch="false" />
                <line number="303" hits="1" branch="false" />
                <line number="304" hits="1" branch="false" />
                <line number="305" hits="1" branch="false" />
                <line number="306" hits="0" branch="false" />
                <line number="307" hits="0" branch="false" />
                <line number="308" hits="0" branch="false" />
                <line number="309" hits="0" branch="false" />
                <line number="310" hits="1" branch="false" />
              </lines>
            </method>
            <method name="ReceptionError2Testing" signature="()" line-rate="0.8" branch-rate="1" complexity="1">
              <lines>
                <line number="313" hits="1" branch="false" />
                <line number="314" hits="1" branch="false" />
                <line number="315" hits="1" branch="false" />
                <line number="316" hits="1" branch="false" />
                <line number="317" hits="1" branch="false" />
                <line number="318" hits="1" branch="false" />
                <line number="319" hits="1" branch="false" />
                <line number="320" hits="1" branch="false" />
                <line number="321" hits="1" branch="false" />
                <line number="322" hits="1" branch="false" />
                <line number="323" hits="1" branch="false" />
                <line number="325" hits="1" branch="false" />
                <line number="327" hits="1" branch="false" />
                <line number="328" hits="1" branch="false" />
                <line number="329" hits="1" branch="false" />
                <line number="330" hits="0" branch="false" />
                <line number="331" hits="0" branch="false" />
                <line number="332" hits="0" branch="false" />
                <line number="333" hits="0" branch="false" />
                <line number="334" hits="1" branch="false" />
              </lines>
            </method>
            <method name="DoctorStrWorkTimeTesting" signature="()" line-rate="0.9333333333333333" branch-rate="0.5" complexity="2">
              <lines>
                <line number="337" hits="1" branch="false" />
                <line number="338" hits="1" branch="false" />
                <line number="339" hits="1" branch="false" />
                <line number="340" hits="1" branch="false" />
                <line number="341" hits="1" branch="false" />
                <line number="342" hits="1" branch="false" />
                <line number="343" hits="1" branch="false" />
                <line number="344" hits="1" branch="false" />
                <line number="345" hits="1" branch="false" />
                <line number="346" hits="1" branch="false" />
                <line number="347" hits="1" branch="false" />
                <line number="348" hits="1" branch="false" />
[...]
            <line number="348" hits="1" branch="false" />
            <line number="349" hits="1" branch="false" />
            <line number="350" hits="1" branch="false" />
            <line number="351" hits="1" branch="false" />
            <line number="352" hits="1" branch="false" />
            <line number="353" hits="1" branch="false" />
            <line number="354" hits="1" branch="false" />
            <line number="355" hits="1" branch="false" />
            <line number="356" hits="1" branch="false" />
            <line number="357" hits="1" branch="false" />
            <line number="358" hits="1" branch="false" />
            <line number="360" hits="1" branch="false" />
            <line number="361" hits="1" branch="true" condition-coverage="50% (1/2)" />
            <line number="362" hits="0" branch="false" />
            <line number="363" hits="0" branch="false" />
            <line number="366" hits="1" branch="false" />
            <line number="367" hits="1" branch="false" />
            <line number="368" hits="1" branch="false" />
            <line number="369" hits="1" branch="false" />
            <line number="372" hits="1" branch="false" />
            <line number="373" hits="1" branch="false" />
            <line number="374" hits="1" branch="false" />
            <line number="375" hits="1" branch="false" />
            <line number="376" hits="1" branch="false" />
            <line number="377" hits="1" branch="false" />
            <line number="378" hits="1" branch="false" />
            <line number="379" hits="1" branch="false" />
            <line number="380" hits="1" branch="false" />
            <line number="381" hits="1" branch="false" />
            <line number="382" hits="1" branch="false" />
            <line number="383" hits="1" branch="false" />
            <line number="384" hits="1" branch="false" />
            <line number="385" hits="1" branch="false" />
            <line number="386" hits="1" branch="false" />
            <line number="387" hits="1" branch="false" />
            <line number="388" hits="1" branch="false" />
            <line number="389" hits="1" branch="false" />
            <line number="390" hits="1" branch="false" />
            <line number="391" hits="1" branch="false" />
            <line number="392" hits="1" branch="false" />
            <line number="393" hits="1" branch="false" />
            <line number="394" hits="1" branch="false" />
            <line number="395" hits="1" branch="false" />
            <line number="396" hits="1" branch="false" />
            <line number="397" hits="1" branch="false" />
            <line number="398" hits="1" branch="false" />
            <line number="399" hits="1" branch="false" />
            <line number="400" hits="1" branch="false" />
            <line number="401" hits="1" branch="false" />
            <line number="402" hits="1" branch="false" />
            <line number="403" hits="1" branch="false" />
            <line number="404" hits="1" branch="true" condition-coverage="50% (1/2)" />
            <line number="405" hits="1" branch="false" />
            <line number="406" hits="1" branch="false" />
            <line number="407" hits="1" branch="false" />
            <line number="409" hits="0" branch="false" />
            <line number="410" hits="0" branch="false" />
            <line number="412" hits="1" branch="false" />
          </lines>
        </class>
        <class name="CourseWork.Test.DALTest" filename="D:\vs project\Coursework_Safaryan\CourseWork.Test\DALTest.cs" line-rate="0.9166666666666666" branch-rate="0.5" complexity="8">
          <methods>
            <method name="SerializeAndDeserialize" signature="()" line-rate="0.9166666666666666" branch-rate="0.5" complexity="8">
              <lines>
                <line number="21" hits="1" branch="false" />
                <line number="22" hits="1" branch="false" />
                <line number="23" hits="1" branch="false" />
                <line number="24" hits="1" branch="false" />
                <line number="25" hits="1" branch="false" />
                <line number="26" hits="1" branch="false" />
                <line number="27" hits="1" branch="false" />
                <line number="28" hits="1" branch="false" />
                <line number="29" hits="1" branch="false" />
                <line number="30" hits="1" branch="false" />
                <line number="35" hits="1" branch="false" />
                <line number="36" hits="1" branch="false" />
                <line number="37" hits="1" branch="false" />
                <line number="38" hits="1" branch="false" />
                <line number="40" hits="1" branch="false" />
                <line number="41" hits="1" branch="false" />
                <line number="43" hits="1" branch="true" condition-coverage="50% (7/14)" />
                <line number="44" hits="1" branch="false" />
                <line number="45" hits="1" branch="false" />
                <line number="46" hits="1" branch="false" />
                <line number="47" hits="1" branch="false" />
                <line number="49" hits="0" branch="false" />
                <line number="50" hits="0" branch="false" />
                <line number="52" hits="1" branch="false" />
              </lines>
            </method>
          </methods>
          <lines>
            <line number="21" hits="1" branch="false" />
            <line number="22" hits="1" branch="false" />
            <line number="23" hits="1" branch="false" />
            <line number="24" hits="1" branch="false" />
            <line number="25" hits="1" branch="false" />
            <line number="26" hits="1" branch="false" />
            <line number="27" hits="1" branch="false" />
            <line number="28" hits="1" branch="false" />
            <line number="29" hits="1" branch="false" />
            <line number="30" hits="1" branch="false" />
            <line number="35" hits="1" branch="false" />
            <line number="36" hits="1" branch="false" />
            <line number="37" hits="1" branch="false" />
            <line number="38" hits="1" branch="false" />
            <line number="40" hits="1" branch="false" />
            <line number="41" hits="1" branch="false" />
            <line number="43" hits="1" branch="true" condition-coverage="50% (7/14)" />
            <line number="44" hits="1" branch="false" />
            <line number="45" hits="1" branch="false" />
            <line number="46" hits="1" branch="false" />
            <line number="47" hits="1" branch="false" />
            <line number="49" hits="0" branch="false" />
            <line number="50" hits="0" branch="false" />
            <line number="52" hits="1" branch="false" />
          </lines>
        </class>
      </classes>
    </package>
    <package name="DLL" line-rate="0.7966101694915254" branch-rate="0.5" complexity="16">
      <classes>
        <class name="DAL.DataFilling`1" filename="D:\vs project\Coursework_Safaryan\DLL\DataFiiling.cs" line-rate="0.6470588235294118" branch-rate="0.5" complexity="7">
          <methods>
            <method name="Path" signature="()" line-rate="1" branch-rate="1" complexity="NaN">
              <lines>
                <line number="16" hits="9" branch="false" />
              </lines>
            </method>
            <method name="Path" signature="(System.String)" line-rate="0" branch-rate="1" complexity="NaN">
              <lines>
                <line number="18" hits="0" branch="false" />
                <line number="19" hits="0" branch="false" />
                <line number="20" hits="0" branch="false" />
                <line number="21" hits="0" branch="false" />
              </lines>
            </method>
            <method name=".ctor" signature="(System.String)" line-rate="1" branch-rate="1" complexity="NaN">
              <lines>
                <line number="8" hits="1" branch="false" />
                <line number="9" hits="1" branch="false" />
                <line number="10" hits="1" branch="false" />
                <line number="11" hits="1" branch="false" />
                <line number="12" hits="1" branch="false" />
              </lines>
            </method>
            <method name="ClearDataFile" signature="()" line-rate="1" branch-rate="1" complexity="2">
              <lines>
                <line number="24" hits="1" branch="false" />
                <line number="25" hits="1" branch="false" />
                <line number="26" hits="1" branch="false" />
                <line number="27" hits="1" branch="false" />
                <line number="28" hits="1" branch="false" />
                <line number="29" hits="1" branch="false" />
                <line number="30" hits="1" branch="false" />
              </lines>
            </method>
            <method name="IsHere" signature="()" line-rate="0.8333333333333334" branch-rate="0.5" complexity="2">
              <lines>
                <line number="32" hits="3" branch="false" />
                <line number="33" hits="3" branch="true" condition-coverage="50% (1/2)" />
                <line number="34" hits="3" branch="false" />
                <line number="35" hits="3" branch="false" />
                <line number="37" hits="0" branch="false" />
                <line number="38" hits="3" branch="false" />
              </lines>
            </method>
            <method name="IsHereOrCreate" signature="()" line-rate="0.36363636363636365" branch-rate="0.5" complexity="3">
              <lines>
                <line number="40" hits="1" branch="false" />
                <line number="41" hits="1" branch="true" condition-coverage="50% (1/2)" />
                <line number="42" hits="0" branch="false" />
                <line number="43" hits="0" branch="false" />
                <line number="44" hits="0" branch="false" />
                <line number="45" hits="0" branch="false" />
                <line number="46" hits="0" branch="false" />
                <line number="47" hits="0" branch="false" />
                <line number="49" hits="0" branch="false" />
                <line number="52" hits="1" branch="false" />
                <line number="53" hits="1" branch="false" />
              </lines>
            </method>
          </methods>
          <lines>
            <line number="8" hits="1" branch="false" />
            <line number="9" hits="1" branch="false" />
            <line number="10" hits="1" branch="false" />
            <line number="11" hits="1" branch="false" />
            <line number="12" hits="1" branch="false" />
            <line number="16" hits="9" branch="false" />
            <line number="18" hits="0" branch="false" />
            <line number="19" hits="0" branch="false" />
            <line number="20" hits="0" branch="false" />
            <line number="21" hits="0" branch="false" />
            <line number="24" hits="1" branch="false" />
            <line number="25" hits="1" branch="false" />
            <line number="26" hits="1" branch="false" />
            <line number="27" hits="1" branch="false" />
            <line number="28" hits="1" branch="false" />
            <line number="29" hits="1" branch="false" />
            <line number="30" hits="1" branch="false" />
            <line number="32" hits="3" branch="false" />
            <line number="33" hits="3" branch="true" condition-coverage="50% (1/2)" />
            <line number="34" hits="3" branch="false" />
            <line number="35" hits="3" branch="false" />
            <line number="37" hits="0" branch="false" />
            <line number="38" hits="3" branch="false" />
            <line number="40" hits="1" branch="false" />
            <line number="41" hits="1" branch="true" condition-coverage="50% (1/2)" />
            <line number="42" hits="0" branch="false" />
            <line number="43" hits="0" branch="false" />
            <line number="44" hits="0" branch="false" />
            <line number="45" hits="0" branch="false" />
            <line number="46" hits="0" branch="false" />
            <line number="47" hits="0" branch="false" />
            <line number="49" hits="0" branch="false" />
            <line number="52" hits="1" branch="false" />
            <line number="53" hits="1" branch="false" />
          </lines>
        </class>
        <class name="DAL.SerializeXML`1" filename="D:\vs project\Coursework_Safaryan\DLL\SerializeXML.cs" line-rate="1" branch-rate="0.5" complexity="3">
          <methods>
            <method name=".ctor" signature="(System.String)" line-rate="1" branch-rate="1" complexity="NaN">
              <lines>
                <line number="12" hits="1" branch="false" />
                <line number="13" hits="1" branch="false" />
                <line number="14" hits="1" branch="false" />
                <line number="15" hits="1" branch="false" />
              </lines>
            </method>
            <method name="Serialize" signature="(T)" line-rate="1" branch-rate="0.5" complexity="NaN">
              <lines>
                <line number="17" hits="1" branch="false" />
                <line number="18" hits="1" branch="true" condition-coverage="50% (1/2)" />
                <line number="19" hits="1" branch="false" />
                <line number="20" hits="1" branch="false" />
                <line number="21" hits="1" branch="false" />
                <line number="22" hits="1" branch="false" />
                <line number="23" hits="1" branch="false" />
                <line number="25" hits="1" branch="false" />
                <line number="26" hits="1" branch="false" />
                <line number="27" hits="1" branch="false" />
                <line number="29" hits="1" branch="false" />
                <line number="30" hits="1" branch="false" />
                <line number="31" hits="1" branch="false" />
                <line number="33" hits="1" branch="false" />
                <line number="34" hits="1" branch="false" />
              </lines>
            </method>
            <method name="Deserialize" signature="()" line-rate="1" branch-rate="0.5" complexity="3">
              <lines>
                <line number="36" hits="1" branch="false" />
                <line number="37" hits="1" branch="true" condition-coverage="50% (1/2)" />
                <line number="39" hits="1" branch="false" />
                <line number="40" hits="1" branch="false" />
                <line number="41" hits="1" branch="false" />
                <line number="43" hits="1" branch="false" />
              </lines>
            </method>
          </methods>
          <lines>
            <line number="12" hits="1" branch="false" />
            <line number="13" hits="1" branch="false" />
            <line number="14" hits="1" branch="false" />
            <line number="15" hits="1" branch="false" />
            <line number="17" hits="1" branch="false" />
            <line number="18" hits="1" branch="true" condition-coverage="50% (1/2)" />
            <line number="19" hits="1" branch="false" />
            <line number="20" hits="1" branch="false" />
            <line number="21" hits="1" branch="false" />
            <line number="22" hits="1" branch="false" />
            <line number="23" hits="1" branch="false" />
            <line number="25" hits="1" branch="false" />
            <line number="26" hits="1" branch="false" />
            <line number="27" hits="1" branch="false" />
            <line number="29" hits="1" branch="false" />
            <line number="30" hits="1" branch="false" />
            <line number="31" hits="1" branch="false" />
            <line number="33" hits="1" branch="false" />
            <line number="34" hits="1" branch="false" />
            <line number="36" hits="1" branch="false" />
            <line number="37" hits="1" branch="true" condition-coverage="50% (1/2)" />
            <line number="39" hits="1" branch="false" />
            <line number="40" hits="1" branch="false" />
            <line number="41" hits="1" branch="false" />
            <line number="43" hits="1" branch="false" />
          </lines>
        </class>
      </classes>
    </package>
    <package name="EntityService" line-rate="0.5625" branch-rate="0.25" complexity="6">
      <classes>
        <class name="EntityService.EntityService`1" filename="D:\vs project\Coursework_Safaryan\EntityService\EntityService.cs" line-rate="0.5625" branch-rate="0.25" complexity="2">
          <methods>
            <method name="Provider" signature="()" line-rate="0" branch-rate="1" complexity="NaN">
              <lines>
                <line number="25" hits="0" branch="false" />
              </lines>
            </method>
            <method name="Provider" signature="(DAL.Interface.IDataFilling`1&lt;T&gt;)" line-rate="0" branch-rate="0" complexity="NaN">
              <lines>
                <line number="27" hits="0" branch="false" />
                <line number="28" hits="0" branch="true" condition-coverage="0% (0/2)" />
                <line number="29" hits="0" branch="false" />
                <line number="30" hits="0" branch="false" />
                <line number="33" hits="0" branch="false" />
                <line number="34" hits="0" branch="false" />
              </lines>
            </method>
            <method name=".ctor" signature="(DAL.Interface.IDataFilling`1&lt;T&gt;)" line-rate="1" branch-rate="0.5" complexity="NaN">
              <lines>
                <line number="14" hits="2" branch="false" />
                <line number="15" hits="2" branch="false" />
                <line number="16" hits="2" branch="true" condition-coverage="50% (1/2)" />
                <line number="18" hits="2" branch="false" />
                <line number="19" hits="2" branch="false" />
              </lines>
            </method>
            <method name="AddNewData" signature="(T)" line-rate="1" branch-rate="1" complexity="NaN">
              <lines>
                <line number="38" hits="4" branch="false" />
              </lines>
            </method>
            <method name="ClearData" signature="()" line-rate="1" branch-rate="1" complexity="1">
              <lines>
                <line number="39" hits="3" branch="false" />
              </lines>
            </method>
            <method name="GetData" signature="()" line-rate="1" branch-rate="1" complexity="1">
              <lines>
                <line number="40" hits="3" branch="false" />
              </lines>
            </method>
            <method name="UpdateData" signature="(T)" line-rate="1" branch-rate="1" complexity="NaN">
              <lines>
                <line number="41" hits="3" branch="false" />
              </lines>
            </method>
          </methods>
          <lines>
            <line number="14" hits="2" branch="false" />
            <line number="15" hits="2" branch="false" />
            <line number="16" hits="2" branch="true" condition-coverage="50% (1/2)" />
            <line number="18" hits="2" branch="false" />
            <line number="19" hits="2" branch="false" />
            <line number="25" hits="0" branch="false" />
            <line number="27" hits="0" branch="false" />
            <line number="28" hits="0" branch="true" condition-coverage="0% (0/2)" />
            <line number="29" hits="0" branch="false" />
            <line number="30" hits="0" branch="false" />
            <line number="33" hits="0" branch="false" />
            <line number="34" hits="0" branch="false" />
            <line number="38" hits="4" branch="false" />
            <line number="39" hits="3" branch="false" />
            <line number="40" hits="3" branch="false" />
            <line number="41" hits="3" branch="false" />
          </lines>
        </class>
      </classes>
    </package>
  </packages>
</coverage>