<?xml version="1.0" encoding="utf-8"?>
<CoverageSession xmlns:xsd="http://www.w3.org/2001/XMLSchema" xmlns:xsi="http://www.w3.org/2001/XMLSchema-instance" Version="4.7.922.0">
  <Summary numSequencePoints="814" visitedSequencePoints="745" numBranchPoints="418" visitedBranchPoints="291" sequenceCoverage="91.52" branchCoverage="69.62" maxCyclomaticComplexity="79" minCyclomaticComplexity="1" maxCrapScore="79" minCrapScore="1" visitedClasses="12" numClasses="12" visitedMethods="87" numMethods="90" />
  <Modules>
    <Module hash="E7-94-36-BF-5E-75-48-50-81-94-BD-73-B1-95-DD-41-9E-F7-E0-40">
      <Summary numSequencePoints="357" visitedSequencePoints="317" numBranchPoints="81" visitedBranchPoints="54" sequenceCoverage="88.80" branchCoverage="66.67" maxCyclomaticComplexity="10" minCyclomaticComplexity="1" maxCrapScore="10" minCrapScore="1.00" visitedClasses="2" numClasses="2" visitedMethods="21" numMethods="21" />
      <ModulePath>D:\vs project\Coursework_Safaryan\CourseWork.Test\bin\Debug\fine-code-coverage\build-output\CourseWork.Test.dll</ModulePath>
      <ModuleTime>2021-12-28T14:55:23.2476938Z</ModuleTime>
      <ModuleName>CourseWork.Test</ModuleName>
      <Files>
        <File uid="1" fullPath="D:\vs project\Coursework_Safaryan\CourseWork.Test\BLLtest.cs" />
        <File uid="2" fullPath="D:\vs project\Coursework_Safaryan\CourseWork.Test\DALTest.cs" />
      </Files>
      <Classes>
        <Class>
          <Summary numSequencePoints="334" visitedSequencePoints="296" numBranchPoints="66" visitedBranchPoints="46" sequenceCoverage="88.62" branchCoverage="69.70" maxCyclomaticComplexity="10" minCyclomaticComplexity="1" maxCrapScore="10" minCrapScore="1.00" visitedClasses="1" numClasses="1" visitedMethods="20" numMethods="20" />
          <FullName>CourseWork.Test.BLLtest</FullName>
          <Methods>
            <Method visited="true" cyclomaticComplexity="1" nPathComplexity="0" sequenceCoverage="91.67" branchCoverage="100" crapScore="1.00" isConstructor="false" isStatic="false" isGetter="false" isSetter="false">
              <Summary numSequencePoints="12" visitedSequencePoints="11" numBranchPoints="1" visitedBranchPoints="1" sequenceCoverage="91.67" branchCoverage="100" maxCyclomaticComplexity="1" minCyclomaticComplexity="1" maxCrapScore="1.00" minCrapScore="1.00" visitedClasses="0" numClasses="0" visitedMethods="1" numMethods="1" />
              <MetadataToken>100663297</MetadataToken>
              <Name>System.Void CourseWork.Test.BLLtest::InputDoctorAgeCorrect()</Name>
              <FileRef uid="1" />
              <SequencePoints>
                <SequencePoint vc="1" uspid="1" ordinal="0" offset="0" sl="16" sc="9" el="16" ec="10" bec="0" bev="0" fileid="1" />
                <SequencePoint vc="1" uspid="2" ordinal="1" offset="1" sl="17" sc="13" el="17" ec="26" bec="0" bev="0" fileid="1" />
                <SequencePoint vc="1" uspid="3" ordinal="2" offset="3" sl="18" sc="13" el="18" ec="42" bec="0" bev="0" fileid="1" />
                <SequencePoint vc="1" uspid="4" ordinal="3" offset="9" sl="19" sc="13" el="19" ec="28" bec="0" bev="0" fileid="1" />
                <SequencePoint vc="1" uspid="5" ordinal="4" offset="11" sl="22" sc="13" el="22" ec="14" bec="0" bev="0" fileid="1" />
                <SequencePoint vc="1" uspid="6" ordinal="5" offset="12" sl="23" sc="17" el="23" ec="34" bec="0" bev="0" fileid="1" />
                <SequencePoint vc="0" uspid="7" ordinal="6" offset="20" sl="24" sc="13" el="24" ec="14" bec="0" bev="0" fileid="1" />
                <SequencePoint vc="1" uspid="8" ordinal="7" offset="23" sl="25" sc="13" el="25" ec="18" bec="0" bev="0" fileid="1" />
                <SequencePoint vc="1" uspid="9" ordinal="8" offset="24" sl="26" sc="13" el="26" ec="14" bec="0" bev="0" fileid="1" />
                <SequencePoint vc="1" uspid="10" ordinal="9" offset="25" sl="27" sc="17" el="27" ec="35" bec="0" bev="0" fileid="1" />
                <SequencePoint vc="1" uspid="11" ordinal="10" offset="32" sl="28" sc="13" el="28" ec="14" bec="0" bev="0" fileid="1" />
                <SequencePoint vc="1" uspid="12" ordinal="11" offset="35" sl="29" sc="9" el="29" ec="10" bec="0" bev="0" fileid="1" />
              </SequencePoints>
              <BranchPoints />
              <MethodPoint xsi:type="SequencePoint" vc="1" uspid="1" ordinal="0" offset="0" sl="16" sc="9" el="16" ec="10" bec="0" bev="0" fileid="1" />
            </Method>
            <Method visited="true" cyclomaticComplexity="1" nPathComplexity="0" sequenceCoverage="66.67" branchCoverage="100" crapScore="1.04" isConstructor="false" isStatic="false" isGetter="false" isSetter="false">
              <Summary numSequencePoints="12" visitedSequencePoints="8" numBranchPoints="1" visitedBranchPoints="1" sequenceCoverage="66.67" branchCoverage="100" maxCyclomaticComplexity="1" minCyclomaticComplexity="1" maxCrapScore="1.04" minCrapScore="1.04" visitedClasses="0" numClasses="0" visitedMethods="1" numMethods="1" />
              <MetadataToken>100663298</MetadataToken>
              <Name>System.Void CourseWork.Test.BLLtest::InputDoctorNameCorrect()</Name>
              <FileRef uid="1" />
              <SequencePoints>
                <SequencePoint vc="1" uspid="13" ordinal="0" offset="0" sl="32" sc="9" el="32" ec="10" bec="0" bev="0" fileid="1" />
                <SequencePoint vc="1" uspid="14" ordinal="1" offset="1" sl="33" sc="13" el="33" ec="32" bec="0" bev="0" fileid="1" />
                <SequencePoint vc="1" uspid="15" ordinal="2" offset="7" sl="34" sc="13" el="34" ec="42" bec="0" bev="0" fileid="1" />
                <SequencePoint vc="1" uspid="16" ordinal="3" offset="13" sl="35" sc="13" el="35" ec="28" bec="0" bev="0" fileid="1" />
                <SequencePoint vc="1" uspid="17" ordinal="4" offset="15" sl="37" sc="13" el="37" ec="14" bec="0" bev="0" fileid="1" />
                <SequencePoint vc="1" uspid="18" ordinal="5" offset="16" sl="38" sc="17" el="38" ec="36" bec="0" bev="0" fileid="1" />
                <SequencePoint vc="1" uspid="19" ordinal="6" offset="24" sl="39" sc="13" el="39" ec="14" bec="0" bev="0" fileid="1" />
                <SequencePoint vc="0" uspid="20" ordinal="7" offset="27" sl="40" sc="13" el="40" ec="18" bec="0" bev="0" fileid="1" />
                <SequencePoint vc="0" uspid="21" ordinal="8" offset="28" sl="41" sc="13" el="41" ec="14" bec="0" bev="0" fileid="1" />
                <SequencePoint vc="0" uspid="22" ordinal="9" offset="29" sl="42" sc="17" el="42" ec="35" bec="0" bev="0" fileid="1" />
                <SequencePoint vc="0" uspid="23" ordinal="10" offset="36" sl="43" sc="13" el="43" ec="14" bec="0" bev="0" fileid="1" />
                <SequencePoint vc="1" uspid="24" ordinal="11" offset="39" sl="44" sc="9" el="44" ec="10" bec="0" bev="0" fileid="1" />
              </SequencePoints>
              <BranchPoints />
              <MethodPoint xsi:type="SequencePoint" vc="1" uspid="13" ordinal="0" offset="0" sl="32" sc="9" el="32" ec="10" bec="0" bev="0" fileid="1" />
            </Method>
            <Method visited="true" cyclomaticComplexity="1" nPathComplexity="0" sequenceCoverage="66.67" branchCoverage="100" crapScore="1.04" isConstructor="false" isStatic="false" isGetter="false" isSetter="false">
              <Summary numSequencePoints="12" visitedSequencePoints="8" numBranchPoints="1" visitedBranchPoints="1" sequenceCoverage="66.67" branchCoverage="100" maxCyclomaticComplexity="1" minCyclomaticComplexity="1" maxCrapScore="1.04" minCrapScore="1.04" visitedClasses="0" numClasses="0" visitedMethods="1" numMethods="1" />
              <MetadataToken>100663299</MetadataToken>
              <Name>System.Void CourseWork.Test.BLLtest::InputDoctorSurnameCorrect()</Name>
              <FileRef uid="1" />
              <SequencePoints>
                <SequencePoint vc="1" uspid="25" ordinal="0" offset="0" sl="47" sc="9" el="47" ec="10" bec="0" bev="0" fileid="1" />
                <SequencePoint vc="1" uspid="26" ordinal="1" offset="1" sl="48" sc="13" el="48" ec="35" bec="0" bev="0" fileid="1" />
                <SequencePoint vc="1" uspid="27" ordinal="2" offset="7" sl="49" sc="13" el="49" ec="42" bec="0" bev="0" fileid="1" />
                <SequencePoint vc="1" uspid="28" ordinal="3" offset="13" sl="50" sc="13" el="50" ec="28" bec="0" bev="0" fileid="1" />
                <SequencePoint vc="1" uspid="29" ordinal="4" offset="15" sl="53" sc="13" el="53" ec="14" bec="0" bev="0" fileid="1" />
                <SequencePoint vc="1" uspid="30" ordinal="5" offset="16" sl="54" sc="17" el="54" ec="42" bec="0" bev="0" fileid="1" />
                <SequencePoint vc="1" uspid="31" ordinal="6" offset="24" sl="55" sc="13" el="55" ec="14" bec="0" bev="0" fileid="1" />
                <SequencePoint vc="0" uspid="32" ordinal="7" offset="27" sl="56" sc="13" el="56" ec="18" bec="0" bev="0" fileid="1" />
                <SequencePoint vc="0" uspid="33" ordinal="8" offset="28" sl="57" sc="13" el="57" ec="14" bec="0" bev="0" fileid="1" />
                <SequencePoint vc="0" uspid="34" ordinal="9" offset="29" sl="58" sc="17" el="58" ec="35" bec="0" bev="0" fileid="1" />
                <SequencePoint vc="0" uspid="35" ordinal="10" offset="36" sl="59" sc="13" el="59" ec="14" bec="0" bev="0" fileid="1" />
                <SequencePoint vc="1" uspid="36" ordinal="11" offset="39" sl="60" sc="9" el="60" ec="10" bec="0" bev="0" fileid="1" />
              </SequencePoints>
              <BranchPoints />
              <MethodPoint xsi:type="SequencePoint" vc="1" uspid="25" ordinal="0" offset="0" sl="47" sc="9" el="47" ec="10" bec="0" bev="0" fileid="1" />
            </Method>
            <Method visited="true" cyclomaticComplexity="1" nPathComplexity="0" sequenceCoverage="66.67" branchCoverage="100" crapScore="1.04" isConstructor="false" isStatic="false" isGetter="false" isSetter="false">
              <Summary numSequencePoints="12" visitedSequencePoints="8" numBranchPoints="1" visitedBranchPoints="1" sequenceCoverage="66.67" branchCoverage="100" maxCyclomaticComplexity="1" minCyclomaticComplexity="1" maxCrapScore="1.04" minCrapScore="1.04" visitedClasses="0" numClasses="0" visitedMethods="1" numMethods="1" />
              <MetadataToken>100663300</MetadataToken>
              <Name>System.Void CourseWork.Test.BLLtest::InputDoctorPatronymicCorrect()</Name>
              <FileRef uid="1" />
              <SequencePoints>
                <SequencePoint vc="1" uspid="37" ordinal="0" offset="0" sl="63" sc="9" el="63" ec="10" bec="0" bev="0" fileid="1" />
                <SequencePoint vc="1" uspid="38" ordinal="1" offset="1" sl="64" sc="13" el="64" ec="38" bec="0" bev="0" fileid="1" />
                <SequencePoint vc="1" uspid="39" ordinal="2" offset="7" sl="65" sc="13" el="65" ec="42" bec="0" bev="0" fileid="1" />
                <SequencePoint vc="1" uspid="40" ordinal="3" offset="13" sl="66" sc="13" el="66" ec="28" bec="0" bev="0" fileid="1" />
                <SequencePoint vc="1" uspid="41" ordinal="4" offset="15" sl="69" sc="13" el="69" ec="14" bec="0" bev="0" fileid="1" />
                <SequencePoint vc="1" uspid="42" ordinal="5" offset="16" sl="70" sc="17" el="70" ec="48" bec="0" bev="0" fileid="1" />
                <SequencePoint vc="1" uspid="43" ordinal="6" offset="24" sl="71" sc="13" el="71" ec="14" bec="0" bev="0" fileid="1" />
                <SequencePoint vc="0" uspid="44" ordinal="7" offset="27" sl="72" sc="13" el="72" ec="18" bec="0" bev="0" fileid="1" />
                <SequencePoint vc="0" uspid="45" ordinal="8" offset="28" sl="73" sc="13" el="73" ec="14" bec="0" bev="0" fileid="1" />
                <SequencePoint vc="0" uspid="46" ordinal="9" offset="29" sl="74" sc="17" el="74" ec="35" bec="0" bev="0" fileid="1" />
                <SequencePoint vc="0" uspid="47" ordinal="10" offset="36" sl="75" sc="13" el="75" ec="14" bec="0" bev="0" fileid="1" />
                <SequencePoint vc="1" uspid="48" ordinal="11" offset="39" sl="76" sc="9" el="76" ec="10" bec="0" bev="0" fileid="1" />
              </SequencePoints>
              <BranchPoints />
              <MethodPoint xsi:type="SequencePoint" vc="1" uspid="37" ordinal="0" offset="0" sl="63" sc="9" el="63" ec="10" bec="0" bev="0" fileid="1" />
            </Method>
            <Method visited="true" cyclomaticComplexity="1" nPathComplexity="0" sequenceCoverage="91.67" branchCoverage="100" crapScore="1.00" isConstructor="false" isStatic="false" isGetter="false" isSetter="false">
              <Summary numSequencePoints="12" visitedSequencePoints="11" numBranchPoints="1" visitedBranchPoints="1" sequenceCoverage="91.67" branchCoverage="100" maxCyclomaticComplexity="1" minCyclomaticComplexity="1" maxCrapScore="1.00" minCrapScore="1.00" visitedClasses="0" numClasses="0" visitedMethods="1" numMethods="1" />
              <MetadataToken>100663301</MetadataToken>
              <Name>System.Void CourseWork.Test.BLLtest::InputDoctorSpecialityCorrect()</Name>
              <FileRef uid="1" />
              <SequencePoints>
                <SequencePoint vc="1" uspid="49" ordinal="0" offset="0" sl="79" sc="9" el="79" ec="10" bec="0" bev="0" fileid="1" />
                <SequencePoint vc="1" uspid="50" ordinal="1" offset="1" sl="80" sc="13" el="80" ec="47" bec="0" bev="0" fileid="1" />
                <SequencePoint vc="1" uspid="51" ordinal="2" offset="7" sl="81" sc="13" el="81" ec="42" bec="0" bev="0" fileid="1" />
                <SequencePoint vc="1" uspid="52" ordinal="3" offset="13" sl="82" sc="13" el="82" ec="28" bec="0" bev="0" fileid="1" />
                <SequencePoint vc="1" uspid="53" ordinal="4" offset="15" sl="85" sc="13" el="85" ec="14" bec="0" bev="0" fileid="1" />
                <SequencePoint vc="1" uspid="54" ordinal="5" offset="16" sl="86" sc="17" el="86" ec="48" bec="0" bev="0" fileid="1" />
                <SequencePoint vc="0" uspid="55" ordinal="6" offset="24" sl="87" sc="13" el="87" ec="14" bec="0" bev="0" fileid="1" />
                <SequencePoint vc="1" uspid="56" ordinal="7" offset="27" sl="88" sc="13" el="88" ec="18" bec="0" bev="0" fileid="1" />
                <SequencePoint vc="1" uspid="57" ordinal="8" offset="28" sl="89" sc="13" el="89" ec="14" bec="0" bev="0" fileid="1" />
                <SequencePoint vc="1" uspid="58" ordinal="9" offset="29" sl="90" sc="17" el="90" ec="35" bec="0" bev="0" fileid="1" />
                <SequencePoint vc="1" uspid="59" ordinal="10" offset="36" sl="91" sc="13" el="91" ec="14" bec="0" bev="0" fileid="1" />
                <SequencePoint vc="1" uspid="60" ordinal="11" offset="39" sl="92" sc="9" el="92" ec="10" bec="0" bev="0" fileid="1" />
              </SequencePoints>
              <BranchPoints />
              <MethodPoint xsi:type="SequencePoint" vc="1" uspid="49" ordinal="0" offset="0" sl="79" sc="9" el="79" ec="10" bec="0" bev="0" fileid="1" />
            </Method>
            <Method visited="true" cyclomaticComplexity="2" nPathComplexity="2" sequenceCoverage="100" branchCoverage="66.67" crapScore="2" isConstructor="false" isStatic="false" isGetter="false" isSetter="false">
              <Summary numSequencePoints="9" visitedSequencePoints="9" numBranchPoints="3" visitedBranchPoints="2" sequenceCoverage="100" branchCoverage="66.67" maxCyclomaticComplexity="2" minCyclomaticComplexity="2" maxCrapScore="2" minCrapScore="2" visitedClasses="0" numClasses="0" visitedMethods="1" numMethods="1" />
              <MetadataToken>100663302</MetadataToken>
              <Name>System.Void CourseWork.Test.BLLtest::InputDoctorTimeOfReceiptCorrect()</Name>
              <FileRef uid="1" />
              <SequencePoints>
                <SequencePoint vc="1" uspid="61" ordinal="0" offset="0" sl="95" sc="9" el="95" ec="10" bec="0" bev="0" fileid="1" />
                <SequencePoint vc="1" uspid="62" ordinal="1" offset="1" sl="96" sc="13" el="96" ec="42" bec="0" bev="0" fileid="1" />
                <SequencePoint vc="1" uspid="63" ordinal="2" offset="7" sl="97" sc="13" el="97" ec="47" bec="0" bev="0" fileid="1" />
                <SequencePoint vc="1" uspid="64" ordinal="3" offset="19" sl="98" sc="13" el="98" ec="38" bec="0" bev="0" fileid="1" />
                <SequencePoint vc="1" uspid="65" ordinal="4" offset="26" sl="99" sc="13" el="99" ec="76" bec="2" bev="1" fileid="1" />
                <SequencePoint vc="1" uspid="66" ordinal="5" offset="65" sl="100" sc="13" el="100" ec="14" bec="0" bev="0" fileid="1" />
                <SequencePoint vc="1" uspid="67" ordinal="6" offset="66" sl="101" sc="17" el="101" ec="37" bec="0" bev="0" fileid="1" />
                <SequencePoint vc="1" uspid="68" ordinal="7" offset="73" sl="102" sc="13" el="102" ec="14" bec="0" bev="0" fileid="1" />
                <SequencePoint vc="1" uspid="69" ordinal="8" offset="74" sl="103" sc="9" el="103" ec="10" bec="0" bev="0" fileid="1" />
              </SequencePoints>
              <BranchPoints>
                <BranchPoint vc="1" uspid="70" ordinal="0" offset="63" sl="99" path="0" offsetend="65" fileid="1" />
                <BranchPoint vc="0" uspid="71" ordinal="1" offset="63" sl="99" path="1" offsetend="74" fileid="1" />
              </BranchPoints>
              <MethodPoint xsi:type="SequencePoint" vc="1" uspid="61" ordinal="0" offset="0" sl="95" sc="9" el="95" ec="10" bec="0" bev="0" fileid="1" />
            </Method>
            <Method visited="true" cyclomaticComplexity="1" nPathComplexity="0" sequenceCoverage="90.91" branchCoverage="100" crapScore="1.00" isConstructor="false" isStatic="false" isGetter="false" isSetter="false">
              <Summary numSequencePoints="11" visitedSequencePoints="10" numBranchPoints="1" visitedBranchPoints="1" sequenceCoverage="90.91" branchCoverage="100" maxCyclomaticComplexity="1" minCyclomaticComplexity="1" maxCrapScore="1.00" minCrapScore="1.00" visitedClasses="0" numClasses="0" visitedMethods="1" numMethods="1" />
              <MetadataToken>100663303</MetadataToken>
              <Name>System.Void CourseWork.Test.BLLtest::InputPatientDurationOfAdmissionCorrect()</Name>
              <FileRef uid="1" />
              <SequencePoints>
                <SequencePoint vc="1" uspid="72" ordinal="0" offset="0" sl="106" sc="9" el="106" ec="10" bec="0" bev="0" fileid="1" />
                <SequencePoint vc="1" uspid="73" ordinal="1" offset="1" sl="107" sc="13" el="107" ec="73" bec="0" bev="0" fileid="1" />
                <SequencePoint vc="1" uspid="74" ordinal="2" offset="7" sl="108" sc="13" el="108" ec="28" bec="0" bev="0" fileid="1" />
                <SequencePoint vc="1" uspid="75" ordinal="3" offset="13" sl="110" sc="13" el="110" ec="14" bec="0" bev="0" fileid="1" />
                <SequencePoint vc="1" uspid="76" ordinal="4" offset="14" sl="111" sc="17" el="111" ec="51" bec="0" bev="0" fileid="1" />
                <SequencePoint vc="0" uspid="77" ordinal="5" offset="22" sl="112" sc="13" el="112" ec="14" bec="0" bev="0" fileid="1" />
                <SequencePoint vc="1" uspid="78" ordinal="6" offset="25" sl="113" sc="13" el="113" ec="18" bec="0" bev="0" fileid="1" />
                <SequencePoint vc="1" uspid="79" ordinal="7" offset="26" sl="114" sc="13" el="114" ec="14" bec="0" bev="0" fileid="1" />
                <SequencePoint vc="1" uspid="80" ordinal="8" offset="27" sl="115" sc="17" el="115" ec="37" bec="0" bev="0" fileid="1" />
                <SequencePoint vc="1" uspid="81" ordinal="9" offset="34" sl="116" sc="13" el="116" ec="14" bec="0" bev="0" fileid="1" />
                <SequencePoint vc="1" uspid="82" ordinal="10" offset="37" sl="117" sc="9" el="117" ec="10" bec="0" bev="0" fileid="1" />
              </SequencePoints>
              <BranchPoints />
              <MethodPoint xsi:type="SequencePoint" vc="1" uspid="72" ordinal="0" offset="0" sl="106" sc="9" el="106" ec="10" bec="0" bev="0" fileid="1" />
            </Method>
            <Method visited="true" cyclomaticComplexity="1" nPathComplexity="0" sequenceCoverage="90.91" branchCoverage="100" crapScore="1.00" isConstructor="false" isStatic="false" isGetter="false" isSetter="false">
              <Summary numSequencePoints="11" visitedSequencePoints="10" numBranchPoints="1" visitedBranchPoints="1" sequenceCoverage="90.91" branchCoverage="100" maxCyclomaticComplexity="1" minCyclomaticComplexity="1" maxCrapScore="1.00" minCrapScore="1.00" visitedClasses="0" numClasses="0" visitedMethods="1" numMethods="1" />
              <MetadataToken>100663304</MetadataToken>
              <Name>System.Void CourseWork.Test.BLLtest::InputPatientGrowthCorrect()</Name>
              <FileRef uid="1" />
              <SequencePoints>
                <SequencePoint vc="1" uspid="83" ordinal="0" offset="0" sl="120" sc="9" el="120" ec="10" bec="0" bev="0" fileid="1" />
                <SequencePoint vc="1" uspid="84" ordinal="1" offset="1" sl="121" sc="13" el="121" ec="73" bec="0" bev="0" fileid="1" />
                <SequencePoint vc="1" uspid="85" ordinal="2" offset="7" sl="122" sc="13" el="122" ec="27" bec="0" bev="0" fileid="1" />
                <SequencePoint vc="1" uspid="86" ordinal="3" offset="13" sl="124" sc="13" el="124" ec="14" bec="0" bev="0" fileid="1" />
                <SequencePoint vc="1" uspid="87" ordinal="4" offset="14" sl="125" sc="17" el="125" ec="38" bec="0" bev="0" fileid="1" />
                <SequencePoint vc="0" uspid="88" ordinal="5" offset="23" sl="126" sc="13" el="126" ec="14" bec="0" bev="0" fileid="1" />
                <SequencePoint vc="1" uspid="89" ordinal="6" offset="26" sl="127" sc="13" el="127" ec="18" bec="0" bev="0" fileid="1" />
                <SequencePoint vc="1" uspid="90" ordinal="7" offset="27" sl="128" sc="13" el="128" ec="14" bec="0" bev="0" fileid="1" />
                <SequencePoint vc="1" uspid="91" ordinal="8" offset="28" sl="129" sc="17" el="129" ec="37" bec="0" bev="0" fileid="1" />
                <SequencePoint vc="1" uspid="92" ordinal="9" offset="35" sl="130" sc="13" el="130" ec="14" bec="0" bev="0" fileid="1" />
                <SequencePoint vc="1" uspid="93" ordinal="10" offset="38" sl="131" sc="9" el="131" ec="10" bec="0" bev="0" fileid="1" />
              </SequencePoints>
              <BranchPoints />
              <MethodPoint xsi:type="SequencePoint" vc="1" uspid="83" ordinal="0" offset="0" sl="120" sc="9" el="120" ec="10" bec="0" bev="0" fileid="1" />
            </Method>
            <Method visited="true" cyclomaticComplexity="1" nPathComplexity="0" sequenceCoverage="90.91" branchCoverage="100" crapScore="1.00" isConstructor="false" isStatic="false" isGetter="false" isSetter="false">
              <Summary numSequencePoints="11" visitedSequencePoints="10" numBranchPoints="1" visitedBranchPoints="1" sequenceCoverage="90.91" branchCoverage="100" maxCyclomaticComplexity="1" minCyclomaticComplexity="1" maxCrapScore="1.00" minCrapScore="1.00" visitedClasses="0" numClasses="0" visitedMethods="1" numMethods="1" />
              <MetadataToken>100663305</MetadataToken>
              <Name>System.Void CourseWork.Test.BLLtest::InputPatientWeightCorrect()</Name>
              <FileRef uid="1" />
              <SequencePoints>
                <SequencePoint vc="1" uspid="94" ordinal="0" offset="0" sl="134" sc="9" el="134" ec="10" bec="0" bev="0" fileid="1" />
                <SequencePoint vc="1" uspid="95" ordinal="1" offset="1" sl="135" sc="13" el="135" ec="73" bec="0" bev="0" fileid="1" />
                <SequencePoint vc="1" uspid="96" ordinal="2" offset="7" sl="136" sc="13" el="136" ec="27" bec="0" bev="0" fileid="1" />
                <SequencePoint vc="1" uspid="97" ordinal="3" offset="13" sl="138" sc="13" el="138" ec="14" bec="0" bev="0" fileid="1" />
                <SequencePoint vc="1" uspid="98" ordinal="4" offset="14" sl="139" sc="17" el="139" ec="38" bec="0" bev="0" fileid="1" />
                <SequencePoint vc="0" uspid="99" ordinal="5" offset="23" sl="140" sc="13" el="140" ec="14" bec="0" bev="0" fileid="1" />
                <SequencePoint vc="1" uspid="100" ordinal="6" offset="26" sl="141" sc="13" el="141" ec="18" bec="0" bev="0" fileid="1" />
                <SequencePoint vc="1" uspid="101" ordinal="7" offset="27" sl="142" sc="13" el="142" ec="14" bec="0" bev="0" fileid="1" />
                <SequencePoint vc="1" uspid="102" ordinal="8" offset="28" sl="143" sc="17" el="143" ec="37" bec="0" bev="0" fileid="1" />
                <SequencePoint vc="1" uspid="103" ordinal="9" offset="35" sl="144" sc="13" el="144" ec="14" bec="0" bev="0" fileid="1" />
                <SequencePoint vc="1" uspid="104" ordinal="10" offset="38" sl="145" sc="9" el="145" ec="10" bec="0" bev="0" fileid="1" />
              </SequencePoints>
              <BranchPoints />
              <MethodPoint xsi:type="SequencePoint" vc="1" uspid="94" ordinal="0" offset="0" sl="134" sc="9" el="134" ec="10" bec="0" bev="0" fileid="1" />
            </Method>
            <Method visited="true" cyclomaticComplexity="1" nPathComplexity="0" sequenceCoverage="90.91" branchCoverage="100" crapScore="1.00" isConstructor="false" isStatic="false" isGetter="false" isSetter="false">
              <Summary numSequencePoints="11" visitedSequencePoints="10" numBranchPoints="1" visitedBranchPoints="1" sequenceCoverage="90.91" branchCoverage="100" maxCyclomaticComplexity="1" minCyclomaticComplexity="1" maxCrapScore="1.00" minCrapScore="1.00" visitedClasses="0" numClasses="0" visitedMethods="1" numMethods="1" />
              <MetadataToken>100663306</MetadataToken>
              <Name>System.Void CourseWork.Test.BLLtest::InputPatientBloodTypeCorrect()</Name>
              <FileRef uid="1" />
              <SequencePoints>
                <SequencePoint vc="1" uspid="105" ordinal="0" offset="0" sl="148" sc="9" el="148" ec="10" bec="0" bev="0" fileid="1" />
                <SequencePoint vc="1" uspid="106" ordinal="1" offset="1" sl="149" sc="13" el="149" ec="73" bec="0" bev="0" fileid="1" />
                <SequencePoint vc="1" uspid="107" ordinal="2" offset="7" sl="150" sc="13" el="150" ec="31" bec="0" bev="0" fileid="1" />
                <SequencePoint vc="1" uspid="108" ordinal="3" offset="13" sl="152" sc="13" el="152" ec="14" bec="0" bev="0" fileid="1" />
                <SequencePoint vc="1" uspid="109" ordinal="4" offset="14" sl="153" sc="17" el="153" ec="41" bec="0" bev="0" fileid="1" />
                <SequencePoint vc="0" uspid="110" ordinal="5" offset="22" sl="154" sc="13" el="154" ec="14" bec="0" bev="0" fileid="1" />
                <SequencePoint vc="1" uspid="111" ordinal="6" offset="25" sl="155" sc="13" el="155" ec="18" bec="0" bev="0" fileid="1" />
                <SequencePoint vc="1" uspid="112" ordinal="7" offset="26" sl="156" sc="13" el="156" ec="14" bec="0" bev="0" fileid="1" />
                <SequencePoint vc="1" uspid="113" ordinal="8" offset="27" sl="157" sc="17" el="157" ec="37" bec="0" bev="0" fileid="1" />
                <SequencePoint vc="1" uspid="114" ordinal="9" offset="34" sl="158" sc="13" el="158" ec="14" bec="0" bev="0" fileid="1" />
                <SequencePoint vc="1" uspid="115" ordinal="10" offset="37" sl="159" sc="9" el="159" ec="10" bec="0" bev="0" fileid="1" />
              </SequencePoints>
              <BranchPoints />
              <MethodPoint xsi:type="SequencePoint" vc="1" uspid="105" ordinal="0" offset="0" sl="148" sc="9" el="148" ec="10" bec="0" bev="0" fileid="1" />
            </Method>
            <Method visited="true" cyclomaticComplexity="1" nPathComplexity="0" sequenceCoverage="90.91" branchCoverage="100" crapScore="1.00" isConstructor="false" isStatic="false" isGetter="false" isSetter="false">
              <Summary numSequencePoints="11" visitedSequencePoints="10" numBranchPoints="1" visitedBranchPoints="1" sequenceCoverage="90.91" branchCoverage="100" maxCyclomaticComplexity="1" minCyclomaticComplexity="1" maxCrapScore="1.00" minCrapScore="1.00" visitedClasses="0" numClasses="0" visitedMethods="1" numMethods="1" />
              <MetadataToken>100663307</MetadataToken>
              <Name>System.Void CourseWork.Test.BLLtest::InputPatientCodeCardCorrect()</Name>
              <FileRef uid="1" />
              <SequencePoints>
                <SequencePoint vc="1" uspid="116" ordinal="0" offset="0" sl="162" sc="9" el="162" ec="10" bec="0" bev="0" fileid="1" />
                <SequencePoint vc="1" uspid="117" ordinal="1" offset="1" sl="163" sc="13" el="163" ec="73" bec="0" bev="0" fileid="1" />
                <SequencePoint vc="1" uspid="118" ordinal="2" offset="7" sl="164" sc="13" el="164" ec="35" bec="0" bev="0" fileid="1" />
                <SequencePoint vc="1" uspid="119" ordinal="3" offset="13" sl="166" sc="13" el="166" ec="14" bec="0" bev="0" fileid="1" />
                <SequencePoint vc="1" uspid="120" ordinal="4" offset="14" sl="167" sc="17" el="167" ec="40" bec="0" bev="0" fileid="1" />
                <SequencePoint vc="0" uspid="121" ordinal="5" offset="22" sl="168" sc="13" el="168" ec="14" bec="0" bev="0" fileid="1" />
                <SequencePoint vc="1" uspid="122" ordinal="6" offset="25" sl="169" sc="13" el="169" ec="18" bec="0" bev="0" fileid="1" />
                <SequencePoint vc="1" uspid="123" ordinal="7" offset="26" sl="170" sc="13" el="170" ec="14" bec="0" bev="0" fileid="1" />
                <SequencePoint vc="1" uspid="124" ordinal="8" offset="27" sl="171" sc="17" el="171" ec="37" bec="0" bev="0" fileid="1" />
                <SequencePoint vc="1" uspid="125" ordinal="9" offset="34" sl="172" sc="13" el="172" ec="14" bec="0" bev="0" fileid="1" />
                <SequencePoint vc="1" uspid="126" ordinal="10" offset="37" sl="173" sc="9" el="173" ec="10" bec="0" bev="0" fileid="1" />
              </SequencePoints>
              <BranchPoints />
              <MethodPoint xsi:type="SequencePoint" vc="1" uspid="116" ordinal="0" offset="0" sl="162" sc="9" el="162" ec="10" bec="0" bev="0" fileid="1" />
            </Method>
            <Method visited="true" cyclomaticComplexity="1" nPathComplexity="0" sequenceCoverage="91.67" branchCoverage="100" crapScore="1.00" isConstructor="false" isStatic="false" isGetter="false" isSetter="false">
              <Summary numSequencePoints="12" visitedSequencePoints="11" numBranchPoints="1" visitedBranchPoints="1" sequenceCoverage="91.67" branchCoverage="100" maxCyclomaticComplexity="1" minCyclomaticComplexity="1" maxCrapScore="1.00" minCrapScore="1.00" visitedClasses="0" numClasses="0" visitedMethods="1" numMethods="1" />
              <MetadataToken>100663308</MetadataToken>
              <Name>System.Void CourseWork.Test.BLLtest::InputPatientDateBirthCorrect()</Name>
              <FileRef uid="1" />
              <SequencePoints>
                <SequencePoint vc="1" uspid="127" ordinal="0" offset="0" sl="176" sc="9" el="176" ec="10" bec="0" bev="0" fileid="1" />
                <SequencePoint vc="1" uspid="128" ordinal="1" offset="1" sl="177" sc="13" el="177" ec="73" bec="0" bev="0" fileid="1" />
                <SequencePoint vc="1" uspid="129" ordinal="2" offset="7" sl="178" sc="13" el="178" ec="30" bec="0" bev="0" fileid="1" />
                <SequencePoint vc="1" uspid="130" ordinal="3" offset="16" sl="179" sc="13" el="179" ec="56" bec="0" bev="0" fileid="1" />
                <SequencePoint vc="1" uspid="131" ordinal="4" offset="32" sl="181" sc="13" el="181" ec="14" bec="0" bev="0" fileid="1" />
                <SequencePoint vc="1" uspid="132" ordinal="5" offset="33" sl="182" sc="17" el="182" ec="42" bec="0" bev="0" fileid="1" />
                <SequencePoint vc="0" uspid="133" ordinal="6" offset="41" sl="183" sc="13" el="183" ec="14" bec="0" bev="0" fileid="1" />
                <SequencePoint vc="1" uspid="134" ordinal="7" offset="44" sl="184" sc="13" el="184" ec="18" bec="0" bev="0" fileid="1" />
                <SequencePoint vc="1" uspid="135" ordinal="8" offset="45" sl="185" sc="13" el="185" ec="14" bec="0" bev="0" fileid="1" />
                <SequencePoint vc="1" uspid="136" ordinal="9" offset="46" sl="186" sc="17" el="186" ec="37" bec="0" bev="0" fileid="1" />
                <SequencePoint vc="1" uspid="137" ordinal="10" offset="53" sl="187" sc="13" el="187" ec="14" bec="0" bev="0" fileid="1" />
                <SequencePoint vc="1" uspid="138" ordinal="11" offset="56" sl="188" sc="9" el="188" ec="10" bec="0" bev="0" fileid="1" />
              </SequencePoints>
              <BranchPoints />
              <MethodPoint xsi:type="SequencePoint" vc="1" uspid="127" ordinal="0" offset="0" sl="176" sc="9" el="176" ec="10" bec="0" bev="0" fileid="1" />
            </Method>
            <Method visited="true" cyclomaticComplexity="7" nPathComplexity="64" sequenceCoverage="100" branchCoverage="53.85" crapScore="7" isConstructor="false" isStatic="false" isGetter="false" isSetter="false">
              <Summary numSequencePoints="20" visitedSequencePoints="20" numBranchPoints="13" visitedBranchPoints="7" sequenceCoverage="100" branchCoverage="53.85" maxCyclomaticComplexity="7" minCyclomaticComplexity="7" maxCrapScore="7" minCrapScore="7" visitedClasses="0" numClasses="0" visitedMethods="1" numMethods="1" />
              <MetadataToken>100663309</MetadataToken>
              <Name>System.Void CourseWork.Test.BLLtest::CharacteristicDoctorDataTest()</Name>
              <FileRef uid="1" />
              <SequencePoints>
                <SequencePoint vc="1" uspid="139" ordinal="0" offset="0" sl="191" sc="9" el="191" ec="10" bec="0" bev="0" fileid="1" />
                <SequencePoint vc="1" uspid="140" ordinal="1" offset="1" sl="192" sc="13" el="192" ec="42" bec="0" bev="0" fileid="1" />
                <SequencePoint vc="1" uspid="141" ordinal="2" offset="7" sl="193" sc="13" el="193" ec="32" bec="0" bev="0" fileid="1" />
                <SequencePoint vc="1" uspid="142" ordinal="3" offset="19" sl="194" sc="13" el="194" ec="36" bec="0" bev="0" fileid="1" />
                <SequencePoint vc="1" uspid="143" ordinal="4" offset="31" sl="195" sc="13" el="195" ec="39" bec="0" bev="0" fileid="1" />
                <SequencePoint vc="1" uspid="144" ordinal="5" offset="43" sl="196" sc="13" el="196" ec="29" bec="0" bev="0" fileid="1" />
                <SequencePoint vc="1" uspid="145" ordinal="6" offset="52" sl="197" sc="13" el="197" ec="44" bec="0" bev="0" fileid="1" />
                <SequencePoint vc="1" uspid="146" ordinal="7" offset="64" sl="198" sc="13" el="198" ec="75" bec="0" bev="0" fileid="1" />
                <SequencePoint vc="1" uspid="147" ordinal="8" offset="88" sl="199" sc="13" el="199" ec="73" bec="0" bev="0" fileid="1" />
                <SequencePoint vc="1" uspid="148" ordinal="9" offset="113" sl="200" sc="13" el="200" ec="32" bec="0" bev="0" fileid="1" />
                <SequencePoint vc="1" uspid="149" ordinal="10" offset="119" sl="201" sc="13" el="201" ec="36" bec="0" bev="0" fileid="1" />
                <SequencePoint vc="1" uspid="150" ordinal="11" offset="125" sl="202" sc="13" el="202" ec="26" bec="0" bev="0" fileid="1" />
                <SequencePoint vc="1" uspid="151" ordinal="12" offset="128" sl="203" sc="13" el="203" ec="44" bec="0" bev="0" fileid="1" />
                <SequencePoint vc="1" uspid="152" ordinal="13" offset="135" sl="204" sc="13" el="204" ec="77" bec="0" bev="0" fileid="1" />
                <SequencePoint vc="1" uspid="153" ordinal="14" offset="154" sl="205" sc="13" el="205" ec="75" bec="0" bev="0" fileid="1" />
                <SequencePoint vc="1" uspid="154" ordinal="15" offset="174" sl="206" sc="13" el="207" ec="106" bec="8" bev="6" fileid="1" />
                <SequencePoint vc="1" uspid="155" ordinal="16" offset="263" sl="208" sc="13" el="208" ec="14" bec="0" bev="0" fileid="1" />
                <SequencePoint vc="1" uspid="156" ordinal="17" offset="264" sl="209" sc="17" el="209" ec="37" bec="0" bev="0" fileid="1" />
                <SequencePoint vc="1" uspid="157" ordinal="18" offset="271" sl="210" sc="13" el="210" ec="14" bec="0" bev="0" fileid="1" />
                <SequencePoint vc="1" uspid="158" ordinal="19" offset="272" sl="211" sc="9" el="211" ec="10" bec="0" bev="0" fileid="1" />
              </SequencePoints>
              <BranchPoints>
                <BranchPoint vc="1" uspid="159" ordinal="0" offset="186" sl="206" path="0" offsetend="188" fileid="1" />
                <BranchPoint vc="0" uspid="160" ordinal="1" offset="186" sl="206" path="1" offsetend="256" fileid="1" />
                <BranchPoint vc="1" uspid="161" ordinal="2" offset="200" sl="206" path="0" offsetend="202" fileid="1" />
                <BranchPoint vc="0" uspid="162" ordinal="3" offset="200" sl="206" path="1" offsetend="256" fileid="1" />
                <BranchPoint vc="1" uspid="163" ordinal="4" offset="209" sl="206" path="0" offsetend="211" fileid="1" />
                <BranchPoint vc="0" uspid="164" ordinal="5" offset="209" sl="206" path="1" offsetend="256" fileid="1" />
                <BranchPoint vc="1" uspid="165" ordinal="6" offset="224" sl="206" path="0" offsetend="226" fileid="1" />
                <BranchPoint vc="0" uspid="166" ordinal="7" offset="224" sl="206" path="1" offsetend="256" fileid="1" />
                <BranchPoint vc="1" uspid="167" ordinal="8" offset="239" sl="206" path="0" offsetend="241" fileid="1" />
                <BranchPoint vc="0" uspid="168" ordinal="9" offset="239" sl="206" path="1" offsetend="256" fileid="1" />
                <BranchPoint vc="1" uspid="169" ordinal="10" offset="261" sl="206" path="0" offsetend="263" fileid="1" />
                <BranchPoint vc="0" uspid="170" ordinal="11" offset="261" sl="206" path="1" offsetend="272" fileid="1" />
              </BranchPoints>
              <MethodPoint xsi:type="SequencePoint" vc="1" uspid="139" ordinal="0" offset="0" sl="191" sc="9" el="191" ec="10" bec="0" bev="0" fileid="1" />
            </Method>
            <Method visited="true" cyclomaticComplexity="10" nPathComplexity="512" sequenceCoverage="100" branchCoverage="52.63" crapScore="10" isConstructor="false" isStatic="false" isGetter="false" isSetter="false">
              <Summary numSequencePoints="25" visitedSequencePoints="25" numBranchPoints="19" visitedBranchPoints="10" sequenceCoverage="100" branchCoverage="52.63" maxCyclomaticComplexity="10" minCyclomaticComplexity="10" maxCrapScore="10" minCrapScore="10" visitedClasses="0" numClasses="0" visitedMethods="1" numMethods="1" />
              <MetadataToken>100663310</MetadataToken>
              <Name>System.Void CourseWork.Test.BLLtest::CharacteristicPatientTest()</Name>
              <FileRef uid="1" />
              <SequencePoints>
                <SequencePoint vc="1" uspid="171" ordinal="0" offset="0" sl="214" sc="9" el="214" ec="10" bec="0" bev="0" fileid="1" />
                <SequencePoint vc="1" uspid="172" ordinal="1" offset="1" sl="215" sc="13" el="215" ec="73" bec="0" bev="0" fileid="1" />
                <SequencePoint vc="1" uspid="173" ordinal="2" offset="7" sl="216" sc="13" el="216" ec="41" bec="0" bev="0" fileid="1" />
                <SequencePoint vc="1" uspid="174" ordinal="3" offset="19" sl="217" sc="13" el="217" ec="41" bec="0" bev="0" fileid="1" />
                <SequencePoint vc="1" uspid="175" ordinal="4" offset="28" sl="218" sc="13" el="218" ec="42" bec="0" bev="0" fileid="1" />
                <SequencePoint vc="1" uspid="176" ordinal="5" offset="37" sl="219" sc="13" el="219" ec="44" bec="0" bev="0" fileid="1" />
                <SequencePoint vc="1" uspid="177" ordinal="6" offset="46" sl="220" sc="13" el="220" ec="46" bec="0" bev="0" fileid="1" />
                <SequencePoint vc="1" uspid="178" ordinal="7" offset="55" sl="221" sc="13" el="221" ec="58" bec="0" bev="0" fileid="1" />
                <SequencePoint vc="1" uspid="179" ordinal="8" offset="74" sl="222" sc="13" el="222" ec="39" bec="0" bev="0" fileid="1" />
                <SequencePoint vc="1" uspid="180" ordinal="9" offset="86" sl="223" sc="13" el="223" ec="34" bec="0" bev="0" fileid="1" />
                <SequencePoint vc="1" uspid="181" ordinal="10" offset="102" sl="224" sc="13" el="224" ec="33" bec="0" bev="0" fileid="1" />
                <SequencePoint vc="1" uspid="182" ordinal="11" offset="118" sl="225" sc="13" el="225" ec="40" bec="0" bev="0" fileid="1" />
                <SequencePoint vc="1" uspid="183" ordinal="12" offset="124" sl="226" sc="13" el="226" ec="37" bec="0" bev="0" fileid="1" />
                <SequencePoint vc="1" uspid="184" ordinal="13" offset="127" sl="227" sc="13" el="227" ec="38" bec="0" bev="0" fileid="1" />
                <SequencePoint vc="1" uspid="185" ordinal="14" offset="130" sl="228" sc="13" el="228" ec="40" bec="0" bev="0" fileid="1" />
                <SequencePoint vc="1" uspid="186" ordinal="15" offset="134" sl="229" sc="13" el="229" ec="42" bec="0" bev="0" fileid="1" />
                <SequencePoint vc="1" uspid="187" ordinal="16" offset="138" sl="230" sc="13" el="230" ec="59" bec="0" bev="0" fileid="1" />
                <SequencePoint vc="1" uspid="188" ordinal="17" offset="152" sl="231" sc="13" el="231" ec="38" bec="0" bev="0" fileid="1" />
                <SequencePoint vc="1" uspid="189" ordinal="18" offset="159" sl="232" sc="13" el="232" ec="33" bec="0" bev="0" fileid="1" />
                <SequencePoint vc="1" uspid="190" ordinal="19" offset="170" sl="233" sc="13" el="233" ec="32" bec="0" bev="0" fileid="1" />
                <SequencePoint vc="1" uspid="191" ordinal="20" offset="181" sl="234" sc="13" el="236" ec="110" bec="11" bev="9" fileid="1" />
                <SequencePoint vc="1" uspid="192" ordinal="21" offset="292" sl="237" sc="13" el="237" ec="14" bec="0" bev="0" fileid="1" />
                <SequencePoint vc="1" uspid="193" ordinal="22" offset="293" sl="238" sc="17" el="238" ec="37" bec="0" bev="0" fileid="1" />
                <SequencePoint vc="1" uspid="194" ordinal="23" offset="300" sl="239" sc="13" el="239" ec="14" bec="0" bev="0" fileid="1" />
                <SequencePoint vc="1" uspid="195" ordinal="24" offset="301" sl="240" sc="9" el="240" ec="10" bec="0" bev="0" fileid="1" />
              </SequencePoints>
              <BranchPoints>
                <BranchPoint vc="1" uspid="196" ordinal="0" offset="193" sl="234" path="0" offsetend="195" fileid="1" />
                <BranchPoint vc="0" uspid="197" ordinal="1" offset="193" sl="234" path="1" offsetend="285" fileid="1" />
                <BranchPoint vc="1" uspid="198" ordinal="2" offset="202" sl="234" path="0" offsetend="204" fileid="1" />
                <BranchPoint vc="0" uspid="199" ordinal="3" offset="202" sl="234" path="1" offsetend="285" fileid="1" />
                <BranchPoint vc="1" uspid="200" ordinal="4" offset="211" sl="234" path="0" offsetend="213" fileid="1" />
                <BranchPoint vc="0" uspid="201" ordinal="5" offset="211" sl="234" path="1" offsetend="285" fileid="1" />
                <BranchPoint vc="1" uspid="202" ordinal="6" offset="221" sl="234" path="0" offsetend="223" fileid="1" />
                <BranchPoint vc="0" uspid="203" ordinal="7" offset="221" sl="234" path="1" offsetend="285" fileid="1" />
                <BranchPoint vc="1" uspid="204" ordinal="8" offset="231" sl="234" path="0" offsetend="233" fileid="1" />
                <BranchPoint vc="0" uspid="205" ordinal="9" offset="231" sl="234" path="1" offsetend="285" fileid="1" />
                <BranchPoint vc="1" uspid="206" ordinal="10" offset="246" sl="234" path="0" offsetend="248" fileid="1" />
                <BranchPoint vc="0" uspid="207" ordinal="11" offset="246" sl="234" path="1" offsetend="285" fileid="1" />
                <BranchPoint vc="1" uspid="208" ordinal="12" offset="261" sl="234" path="0" offsetend="263" fileid="1" />
                <BranchPoint vc="0" uspid="209" ordinal="13" offset="261" sl="234" path="1" offsetend="285" fileid="1" />
                <BranchPoint vc="1" uspid="210" ordinal="14" offset="271" sl="234" path="0" offsetend="273" fileid="1" />
                <BranchPoint vc="0" uspid="211" ordinal="15" offset="271" sl="234" path="1" offsetend="285" fileid="1" />
                <BranchPoint vc="1" uspid="212" ordinal="16" offset="290" sl="234" path="0" offsetend="292" fileid="1" />
                <BranchPoint vc="0" uspid="213" ordinal="17" offset="290" sl="234" path="1" offsetend="301" fileid="1" />
              </BranchPoints>
              <MethodPoint xsi:type="SequencePoint" vc="1" uspid="171" ordinal="0" offset="0" sl="214" sc="9" el="214" ec="10" bec="0" bev="0" fileid="1" />
            </Method>
            <Method visited="true" cyclomaticComplexity="4" nPathComplexity="8" sequenceCoverage="86.96" branchCoverage="85.71" crapScore="4.04" isConstructor="false" isStatic="false" isGetter="false" isSetter="false">
              <Summary numSequencePoints="23" visitedSequencePoints="20" numBranchPoints="7" visitedBranchPoints="6" sequenceCoverage="86.96" branchCoverage="85.71" maxCyclomaticComplexity="4" minCyclomaticComplexity="4" maxCrapScore="4.04" minCrapScore="4.04" visitedClasses="0" numClasses="0" visitedMethods="1" numMethods="1" />
              <MetadataToken>100663311</MetadataToken>
              <Name>System.Void CourseWork.Test.BLLtest::TestTime()</Name>
              <FileRef uid="1" />
              <SequencePoints>
                <SequencePoint vc="1" uspid="214" ordinal="0" offset="0" sl="243" sc="9" el="243" ec="10" bec="0" bev="0" fileid="1" />
                <SequencePoint vc="1" uspid="215" ordinal="1" offset="1" sl="244" sc="13" el="244" ec="42" bec="0" bev="0" fileid="1" />
                <SequencePoint vc="1" uspid="216" ordinal="2" offset="7" sl="245" sc="13" el="245" ec="48" bec="0" bev="0" fileid="1" />
                <SequencePoint vc="1" uspid="217" ordinal="3" offset="20" sl="246" sc="13" el="246" ec="38" bec="0" bev="0" fileid="1" />
                <SequencePoint vc="1" uspid="218" ordinal="4" offset="27" sl="247" sc="13" el="247" ec="65" bec="0" bev="0" fileid="1" />
                <SequencePoint vc="1" uspid="219" ordinal="5" offset="33" sl="248" sc="17" el="248" ec="26" bec="0" bev="0" fileid="1" />
                <SequencePoint vc="480" uspid="220" ordinal="6" offset="37" sl="249" sc="13" el="249" ec="14" bec="0" bev="0" fileid="1" />
                <SequencePoint vc="480" uspid="221" ordinal="7" offset="38" sl="250" sc="17" el="250" ec="55" bec="0" bev="0" fileid="1" />
                <SequencePoint vc="480" uspid="222" ordinal="8" offset="57" sl="251" sc="13" el="251" ec="14" bec="0" bev="0" fileid="1" />
                <SequencePoint vc="480" uspid="223" ordinal="9" offset="58" sl="248" sc="37" el="248" ec="40" bec="0" bev="0" fileid="1" />
                <SequencePoint vc="481" uspid="224" ordinal="10" offset="62" sl="248" sc="28" el="248" ec="35" bec="2" bev="2" fileid="1" />
                <SequencePoint vc="1" uspid="225" ordinal="11" offset="76" sl="252" sc="13" el="252" ec="56" bec="0" bev="0" fileid="1" />
                <SequencePoint vc="1" uspid="226" ordinal="12" offset="82" sl="253" sc="17" el="253" ec="26" bec="0" bev="0" fileid="1" />
                <SequencePoint vc="480" uspid="227" ordinal="13" offset="87" sl="254" sc="13" el="254" ec="14" bec="0" bev="0" fileid="1" />
                <SequencePoint vc="480" uspid="228" ordinal="14" offset="88" sl="255" sc="17" el="255" ec="78" bec="0" bev="0" fileid="1" />
                <SequencePoint vc="480" uspid="229" ordinal="15" offset="125" sl="256" sc="13" el="256" ec="14" bec="0" bev="0" fileid="1" />
                <SequencePoint vc="480" uspid="230" ordinal="16" offset="126" sl="253" sc="37" el="253" ec="40" bec="0" bev="0" fileid="1" />
                <SequencePoint vc="481" uspid="231" ordinal="17" offset="132" sl="253" sc="28" el="253" ec="35" bec="2" bev="2" fileid="1" />
                <SequencePoint vc="1" uspid="232" ordinal="18" offset="147" sl="257" sc="13" el="257" ec="39" bec="2" bev="1" fileid="1" />
                <SequencePoint vc="0" uspid="233" ordinal="19" offset="157" sl="258" sc="13" el="258" ec="14" bec="0" bev="0" fileid="1" />
                <SequencePoint vc="0" uspid="234" ordinal="20" offset="158" sl="259" sc="17" el="259" ec="37" bec="0" bev="0" fileid="1" />
                <SequencePoint vc="0" uspid="235" ordinal="21" offset="165" sl="260" sc="13" el="260" ec="14" bec="0" bev="0" fileid="1" />
                <SequencePoint vc="1" uspid="236" ordinal="22" offset="166" sl="261" sc="9" el="261" ec="10" bec="0" bev="0" fileid="1" />
              </SequencePoints>
              <BranchPoints>
                <BranchPoint vc="1" uspid="237" ordinal="0" offset="74" sl="248" path="0" offsetend="76" fileid="1" />
                <BranchPoint vc="480" uspid="238" ordinal="1" offset="74" sl="248" path="1" offsetend="37" fileid="1" />
                <BranchPoint vc="1" uspid="239" ordinal="2" offset="145" sl="253" path="0" offsetend="147" fileid="1" />
                <BranchPoint vc="480" uspid="240" ordinal="3" offset="145" sl="253" path="1" offsetend="87" fileid="1" />
                <BranchPoint vc="0" uspid="241" ordinal="4" offset="155" sl="257" path="0" offsetend="157" fileid="1" />
                <BranchPoint vc="1" uspid="242" ordinal="5" offset="155" sl="257" path="1" offsetend="166" fileid="1" />
              </BranchPoints>
              <MethodPoint xsi:type="SequencePoint" vc="1" uspid="214" ordinal="0" offset="0" sl="243" sc="9" el="243" ec="10" bec="0" bev="0" fileid="1" />
            </Method>
            <Method visited="true" cyclomaticComplexity="3" nPathComplexity="4" sequenceCoverage="87.5" branchCoverage="80" crapScore="3.02" isConstructor="false" isStatic="false" isGetter="false" isSetter="false">
              <Summary numSequencePoints="24" visitedSequencePoints="21" numBranchPoints="5" visitedBranchPoints="4" sequenceCoverage="87.5" branchCoverage="80" maxCyclomaticComplexity="3" minCyclomaticComplexity="3" maxCrapScore="3.02" minCrapScore="3.02" visitedClasses="0" numClasses="0" visitedMethods="1" numMethods="1" />
              <MetadataToken>100663312</MetadataToken>
              <Name>System.Void CourseWork.Test.BLLtest::ReceptionTesting()</Name>
              <FileRef uid="1" />
              <SequencePoints>
                <SequencePoint vc="1" uspid="243" ordinal="0" offset="0" sl="264" sc="9" el="264" ec="10" bec="0" bev="0" fileid="1" />
                <SequencePoint vc="1" uspid="244" ordinal="1" offset="1" sl="265" sc="13" el="265" ec="42" bec="0" bev="0" fileid="1" />
                <SequencePoint vc="1" uspid="245" ordinal="2" offset="7" sl="266" sc="13" el="266" ec="47" bec="0" bev="0" fileid="1" />
                <SequencePoint vc="1" uspid="246" ordinal="3" offset="19" sl="267" sc="13" el="267" ec="38" bec="0" bev="0" fileid="1" />
                <SequencePoint vc="1" uspid="247" ordinal="4" offset="26" sl="268" sc="13" el="268" ec="73" bec="0" bev="0" fileid="1" />
                <SequencePoint vc="1" uspid="248" ordinal="5" offset="32" sl="269" sc="13" el="269" ec="41" bec="0" bev="0" fileid="1" />
                <SequencePoint vc="1" uspid="249" ordinal="6" offset="41" sl="270" sc="13" el="270" ec="41" bec="0" bev="0" fileid="1" />
                <SequencePoint vc="1" uspid="250" ordinal="7" offset="49" sl="271" sc="13" el="271" ec="44" bec="0" bev="0" fileid="1" />
                <SequencePoint vc="1" uspid="251" ordinal="8" offset="58" sl="272" sc="13" el="272" ec="46" bec="0" bev="0" fileid="1" />
                <SequencePoint vc="1" uspid="252" ordinal="9" offset="67" sl="273" sc="13" el="273" ec="66" bec="0" bev="0" fileid="1" />
                <SequencePoint vc="1" uspid="253" ordinal="10" offset="75" sl="274" sc="13" el="274" ec="58" bec="0" bev="0" fileid="1" />
                <SequencePoint vc="1" uspid="254" ordinal="11" offset="81" sl="275" sc="13" el="275" ec="72" bec="0" bev="0" fileid="1" />
                <SequencePoint vc="1" uspid="255" ordinal="12" offset="101" sl="277" sc="13" el="277" ec="50" bec="0" bev="0" fileid="1" />
                <SequencePoint vc="1" uspid="256" ordinal="13" offset="108" sl="278" sc="18" el="278" ec="27" bec="0" bev="0" fileid="1" />
                <SequencePoint vc="11" uspid="257" ordinal="14" offset="113" sl="279" sc="13" el="279" ec="14" bec="0" bev="0" fileid="1" />
                <SequencePoint vc="11" uspid="258" ordinal="15" offset="114" sl="280" sc="17" el="280" ec="54" bec="0" bev="0" fileid="1" />
                <SequencePoint vc="11" uspid="259" ordinal="16" offset="131" sl="281" sc="13" el="281" ec="14" bec="0" bev="0" fileid="1" />
                <SequencePoint vc="11" uspid="260" ordinal="17" offset="132" sl="278" sc="38" el="278" ec="41" bec="0" bev="0" fileid="1" />
                <SequencePoint vc="12" uspid="261" ordinal="18" offset="138" sl="278" sc="29" el="278" ec="36" bec="2" bev="2" fileid="1" />
                <SequencePoint vc="1" uspid="262" ordinal="19" offset="153" sl="282" sc="13" el="282" ec="55" bec="2" bev="1" fileid="1" />
                <SequencePoint vc="0" uspid="263" ordinal="20" offset="168" sl="283" sc="13" el="283" ec="14" bec="0" bev="0" fileid="1" />
                <SequencePoint vc="0" uspid="264" ordinal="21" offset="169" sl="284" sc="17" el="284" ec="37" bec="0" bev="0" fileid="1" />
                <SequencePoint vc="0" uspid="265" ordinal="22" offset="176" sl="285" sc="13" el="285" ec="14" bec="0" bev="0" fileid="1" />
                <SequencePoint vc="1" uspid="266" ordinal="23" offset="177" sl="286" sc="9" el="286" ec="10" bec="0" bev="0" fileid="1" />
              </SequencePoints>
              <BranchPoints>
                <BranchPoint vc="1" uspid="267" ordinal="0" offset="151" sl="278" path="0" offsetend="153" fileid="1" />
                <BranchPoint vc="11" uspid="268" ordinal="1" offset="151" sl="278" path="1" offsetend="113" fileid="1" />
                <BranchPoint vc="0" uspid="269" ordinal="2" offset="166" sl="282" path="0" offsetend="168" fileid="1" />
                <BranchPoint vc="1" uspid="270" ordinal="3" offset="166" sl="282" path="1" offsetend="177" fileid="1" />
              </BranchPoints>
              <MethodPoint xsi:type="SequencePoint" vc="1" uspid="243" ordinal="0" offset="0" sl="264" sc="9" el="264" ec="10" bec="0" bev="0" fileid="1" />
            </Method>
            <Method visited="true" cyclomaticComplexity="1" nPathComplexity="0" sequenceCoverage="80" branchCoverage="100" crapScore="1.01" isConstructor="false" isStatic="false" isGetter="false" isSetter="false">
              <Summary numSequencePoints="20" visitedSequencePoints="16" numBranchPoints="1" visitedBranchPoints="1" sequenceCoverage="80" branchCoverage="100" maxCyclomaticComplexity="1" minCyclomaticComplexity="1" maxCrapScore="1.01" minCrapScore="1.01" visitedClasses="0" numClasses="0" visitedMethods="1" numMethods="1" />
              <MetadataToken>100663313</MetadataToken>
              <Name>System.Void CourseWork.Test.BLLtest::ReceptionError1Testing()</Name>
              <FileRef uid="1" />
              <SequencePoints>
                <SequencePoint vc="1" uspid="271" ordinal="0" offset="0" sl="289" sc="9" el="289" ec="10" bec="0" bev="0" fileid="1" />
                <SequencePoint vc="1" uspid="272" ordinal="1" offset="1" sl="290" sc="13" el="290" ec="42" bec="0" bev="0" fileid="1" />
                <SequencePoint vc="1" uspid="273" ordinal="2" offset="7" sl="291" sc="13" el="291" ec="47" bec="0" bev="0" fileid="1" />
                <SequencePoint vc="1" uspid="274" ordinal="3" offset="19" sl="292" sc="13" el="292" ec="38" bec="0" bev="0" fileid="1" />
                <SequencePoint vc="1" uspid="275" ordinal="4" offset="26" sl="293" sc="13" el="293" ec="73" bec="0" bev="0" fileid="1" />
                <SequencePoint vc="1" uspid="276" ordinal="5" offset="32" sl="294" sc="13" el="294" ec="41" bec="0" bev="0" fileid="1" />
                <SequencePoint vc="1" uspid="277" ordinal="6" offset="41" sl="295" sc="13" el="295" ec="42" bec="0" bev="0" fileid="1" />
                <SequencePoint vc="1" uspid="278" ordinal="7" offset="50" sl="296" sc="13" el="296" ec="44" bec="0" bev="0" fileid="1" />
                <SequencePoint vc="1" uspid="279" ordinal="8" offset="59" sl="297" sc="13" el="297" ec="46" bec="0" bev="0" fileid="1" />
                <SequencePoint vc="1" uspid="280" ordinal="9" offset="68" sl="298" sc="13" el="298" ec="66" bec="0" bev="0" fileid="1" />
                <SequencePoint vc="1" uspid="281" ordinal="10" offset="76" sl="299" sc="13" el="299" ec="58" bec="0" bev="0" fileid="1" />
                <SequencePoint vc="1" uspid="282" ordinal="11" offset="82" sl="301" sc="13" el="301" ec="73" bec="0" bev="0" fileid="1" />
                <SequencePoint vc="1" uspid="283" ordinal="12" offset="103" sl="303" sc="13" el="303" ec="14" bec="0" bev="0" fileid="1" />
                <SequencePoint vc="1" uspid="284" ordinal="13" offset="104" sl="304" sc="17" el="304" ec="54" bec="0" bev="0" fileid="1" />
                <SequencePoint vc="1" uspid="285" ordinal="14" offset="111" sl="305" sc="13" el="305" ec="14" bec="0" bev="0" fileid="1" />
                <SequencePoint vc="0" uspid="286" ordinal="15" offset="114" sl="306" sc="13" el="306" ec="18" bec="0" bev="0" fileid="1" />
                <SequencePoint vc="0" uspid="287" ordinal="16" offset="115" sl="307" sc="13" el="307" ec="14" bec="0" bev="0" fileid="1" />
                <SequencePoint vc="0" uspid="288" ordinal="17" offset="116" sl="308" sc="17" el="308" ec="37" bec="0" bev="0" fileid="1" />
                <SequencePoint vc="0" uspid="289" ordinal="18" offset="123" sl="309" sc="13" el="309" ec="14" bec="0" bev="0" fileid="1" />
                <SequencePoint vc="1" uspid="290" ordinal="19" offset="126" sl="310" sc="9" el="310" ec="10" bec="0" bev="0" fileid="1" />
              </SequencePoints>
              <BranchPoints />
              <MethodPoint xsi:type="SequencePoint" vc="1" uspid="271" ordinal="0" offset="0" sl="289" sc="9" el="289" ec="10" bec="0" bev="0" fileid="1" />
            </Method>
            <Method visited="true" cyclomaticComplexity="1" nPathComplexity="0" sequenceCoverage="80" branchCoverage="100" crapScore="1.01" isConstructor="false" isStatic="false" isGetter="false" isSetter="false">
              <Summary numSequencePoints="20" visitedSequencePoints="16" numBranchPoints="1" visitedBranchPoints="1" sequenceCoverage="80" branchCoverage="100" maxCyclomaticComplexity="1" minCyclomaticComplexity="1" maxCrapScore="1.01" minCrapScore="1.01" visitedClasses="0" numClasses="0" visitedMethods="1" numMethods="1" />
              <MetadataToken>100663314</MetadataToken>
              <Name>System.Void CourseWork.Test.BLLtest::ReceptionError2Testing()</Name>
              <FileRef uid="1" />
              <SequencePoints>
                <SequencePoint vc="1" uspid="291" ordinal="0" offset="0" sl="313" sc="9" el="313" ec="10" bec="0" bev="0" fileid="1" />
                <SequencePoint vc="1" uspid="292" ordinal="1" offset="1" sl="314" sc="13" el="314" ec="42" bec="0" bev="0" fileid="1" />
                <SequencePoint vc="1" uspid="293" ordinal="2" offset="7" sl="315" sc="13" el="315" ec="47" bec="0" bev="0" fileid="1" />
                <SequencePoint vc="1" uspid="294" ordinal="3" offset="19" sl="316" sc="13" el="316" ec="38" bec="0" bev="0" fileid="1" />
                <SequencePoint vc="1" uspid="295" ordinal="4" offset="26" sl="317" sc="13" el="317" ec="73" bec="0" bev="0" fileid="1" />
                <SequencePoint vc="1" uspid="296" ordinal="5" offset="32" sl="318" sc="13" el="318" ec="41" bec="0" bev="0" fileid="1" />
                <SequencePoint vc="1" uspid="297" ordinal="6" offset="41" sl="319" sc="13" el="319" ec="41" bec="0" bev="0" fileid="1" />
                <SequencePoint vc="1" uspid="298" ordinal="7" offset="50" sl="320" sc="13" el="320" ec="43" bec="0" bev="0" fileid="1" />
                <SequencePoint vc="1" uspid="299" ordinal="8" offset="58" sl="321" sc="13" el="321" ec="47" bec="0" bev="0" fileid="1" />
                <SequencePoint vc="1" uspid="300" ordinal="9" offset="67" sl="322" sc="13" el="322" ec="66" bec="0" bev="0" fileid="1" />
                <SequencePoint vc="1" uspid="301" ordinal="10" offset="75" sl="323" sc="13" el="323" ec="58" bec="0" bev="0" fileid="1" />
                <SequencePoint vc="1" uspid="302" ordinal="11" offset="81" sl="325" sc="13" el="325" ec="73" bec="0" bev="0" fileid="1" />
                <SequencePoint vc="1" uspid="303" ordinal="12" offset="102" sl="327" sc="13" el="327" ec="14" bec="0" bev="0" fileid="1" />
                <SequencePoint vc="1" uspid="304" ordinal="13" offset="103" sl="328" sc="17" el="328" ec="54" bec="0" bev="0" fileid="1" />
                <SequencePoint vc="1" uspid="305" ordinal="14" offset="110" sl="329" sc="13" el="329" ec="14" bec="0" bev="0" fileid="1" />
                <SequencePoint vc="0" uspid="306" ordinal="15" offset="113" sl="330" sc="13" el="330" ec="18" bec="0" bev="0" fileid="1" />
                <SequencePoint vc="0" uspid="307" ordinal="16" offset="114" sl="331" sc="13" el="331" ec="14" bec="0" bev="0" fileid="1" />
                <SequencePoint vc="0" uspid="308" ordinal="17" offset="115" sl="332" sc="17" el="332" ec="37" bec="0" bev="0" fileid="1" />
                <SequencePoint vc="0" uspid="309" ordinal="18" offset="122" sl="333" sc="13" el="333" ec="14" bec="0" bev="0" fileid="1" />
                <SequencePoint vc="1" uspid="310" ordinal="19" offset="125" sl="334" sc="9" el="334" ec="10" bec="0" bev="0" fileid="1" />
              </SequencePoints>
              <BranchPoints />
              <MethodPoint xsi:type="SequencePoint" vc="1" uspid="291" ordinal="0" offset="0" sl="313" sc="9" el="313" ec="10" bec="0" bev="0" fileid="1" />
            </Method>
            <Method visited="true" cyclomaticComplexity="2" nPathComplexity="2" sequenceCoverage="93.33" branchCoverage="66.67" crapScore="2.00" isConstructor="false" isStatic="false" isGetter="false" isSetter="false">
              <Summary numSequencePoints="30" visitedSequencePoints="28" numBranchPoints="3" visitedBranchPoints="2" sequenceCoverage="93.33" branchCoverage="66.67" maxCyclomaticComplexity="2" minCyclomaticComplexity="2" maxCrapScore="2.00" minCrapScore="2.00" visitedClasses="0" numClasses="0" visitedMethods="1" numMethods="1" />
              <MetadataToken>100663315</MetadataToken>
              <Name>System.Void CourseWork.Test.BLLtest::DoctorStrWorkTimeTesting()</Name>
              <FileRef uid="1" />
              <SequencePoints>
                <SequencePoint vc="1" uspid="311" ordinal="0" offset="0" sl="337" sc="9" el="337" ec="10" bec="0" bev="0" fileid="1" />
                <SequencePoint vc="1" uspid="312" ordinal="1" offset="1" sl="338" sc="13" el="338" ec="42" bec="0" bev="0" fileid="1" />
                <SequencePoint vc="1" uspid="313" ordinal="2" offset="7" sl="339" sc="13" el="339" ec="32" bec="0" bev="0" fileid="1" />
                <SequencePoint vc="1" uspid="314" ordinal="3" offset="19" sl="340" sc="13" el="340" ec="36" bec="0" bev="0" fileid="1" />
                <SequencePoint vc="1" uspid="315" ordinal="4" offset="31" sl="341" sc="13" el="341" ec="39" bec="0" bev="0" fileid="1" />
                <SequencePoint vc="1" uspid="316" ordinal="5" offset="43" sl="342" sc="13" el="342" ec="29" bec="0" bev="0" fileid="1" />
                <SequencePoint vc="1" uspid="317" ordinal="6" offset="52" sl="343" sc="13" el="343" ec="44" bec="0" bev="0" fileid="1" />
                <SequencePoint vc="1" uspid="318" ordinal="7" offset="64" sl="344" sc="13" el="344" ec="47" bec="0" bev="0" fileid="1" />
                <SequencePoint vc="1" uspid="319" ordinal="8" offset="76" sl="345" sc="13" el="345" ec="38" bec="0" bev="0" fileid="1" />
                <SequencePoint vc="1" uspid="320" ordinal="9" offset="83" sl="346" sc="13" el="346" ec="41" bec="0" bev="0" fileid="1" />
                <SequencePoint vc="1" uspid="321" ordinal="10" offset="96" sl="347" sc="13" el="347" ec="41" bec="0" bev="0" fileid="1" />
                <SequencePoint vc="1" uspid="322" ordinal="11" offset="109" sl="348" sc="13" el="348" ec="41" bec="0" bev="0" fileid="1" />
                <SequencePoint vc="1" uspid="323" ordinal="12" offset="122" sl="349" sc="13" el="349" ec="41" bec="0" bev="0" fileid="1" />
                <SequencePoint vc="1" uspid="324" ordinal="13" offset="135" sl="350" sc="13" el="350" ec="73" bec="0" bev="0" fileid="1" />
                <SequencePoint vc="1" uspid="325" ordinal="14" offset="141" sl="351" sc="13" el="351" ec="41" bec="0" bev="0" fileid="1" />
                <SequencePoint vc="1" uspid="326" ordinal="15" offset="150" sl="352" sc="13" el="352" ec="42" bec="0" bev="0" fileid="1" />
                <SequencePoint vc="1" uspid="327" ordinal="16" offset="159" sl="353" sc="13" el="353" ec="44" bec="0" bev="0" fileid="1" />
                <SequencePoint vc="1" uspid="328" ordinal="17" offset="168" sl="354" sc="13" el="354" ec="46" bec="0" bev="0" fileid="1" />
                <SequencePoint vc="1" uspid="329" ordinal="18" offset="177" sl="355" sc="13" el="355" ec="66" bec="0" bev="0" fileid="1" />
                <SequencePoint vc="1" uspid="330" ordinal="19" offset="185" sl="356" sc="13" el="356" ec="58" bec="0" bev="0" fileid="1" />
                <SequencePoint vc="1" uspid="331" ordinal="20" offset="191" sl="357" sc="13" el="357" ec="73" bec="0" bev="0" fileid="1" />
                <SequencePoint vc="1" uspid="332" ordinal="21" offset="212" sl="358" sc="13" el="358" ec="50" bec="0" bev="0" fileid="1" />
                <SequencePoint vc="1" uspid="333" ordinal="22" offset="219" sl="360" sc="13" el="360" ec="31" bec="0" bev="0" fileid="1" />
                <SequencePoint vc="1" uspid="334" ordinal="23" offset="226" sl="361" sc="13" el="361" ec="45" bec="2" bev="1" fileid="1" />
                <SequencePoint vc="0" uspid="335" ordinal="24" offset="245" sl="362" sc="13" el="362" ec="14" bec="0" bev="0" fileid="1" />
                <SequencePoint vc="0" uspid="336" ordinal="25" offset="246" sl="363" sc="17" el="363" ec="39" bec="0" bev="0" fileid="1" />
                <SequencePoint vc="1" uspid="337" ordinal="26" offset="252" sl="366" sc="13" el="366" ec="14" bec="0" bev="0" fileid="1" />
                <SequencePoint vc="1" uspid="338" ordinal="27" offset="253" sl="367" sc="17" el="367" ec="37" bec="0" bev="0" fileid="1" />
                <SequencePoint vc="1" uspid="339" ordinal="28" offset="260" sl="368" sc="13" el="368" ec="14" bec="0" bev="0" fileid="1" />
                <SequencePoint vc="1" uspid="340" ordinal="29" offset="261" sl="369" sc="9" el="369" ec="10" bec="0" bev="0" fileid="1" />
              </SequencePoints>
              <BranchPoints>
                <BranchPoint vc="0" uspid="341" ordinal="0" offset="243" sl="361" path="0" offsetend="245" fileid="1" />
                <BranchPoint vc="1" uspid="342" ordinal="1" offset="243" sl="361" path="1" offsetend="252" fileid="1" />
              </BranchPoints>
              <MethodPoint xsi:type="SequencePoint" vc="1" uspid="311" ordinal="0" offset="0" sl="337" sc="9" el="337" ec="10" bec="0" bev="0" fileid="1" />
            </Method>
            <Method visited="true" cyclomaticComplexity="2" nPathComplexity="2" sequenceCoverage="94.44" branchCoverage="66.67" crapScore="2.00" isConstructor="false" isStatic="false" isGetter="false" isSetter="false">
              <Summary numSequencePoints="36" visitedSequencePoints="34" numBranchPoints="3" visitedBranchPoints="2" sequenceCoverage="94.44" branchCoverage="66.67" maxCyclomaticComplexity="2" minCyclomaticComplexity="2" maxCrapScore="2.00" minCrapScore="2.00" visitedClasses="0" numClasses="0" visitedMethods="1" numMethods="1" />
              <MetadataToken>100663316</MetadataToken>
              <Name>System.Void CourseWork.Test.BLLtest::ReceptionStrTesting()</Name>
              <FileRef uid="1" />
              <SequencePoints>
                <SequencePoint vc="1" uspid="343" ordinal="0" offset="0" sl="372" sc="9" el="372" ec="10" bec="0" bev="0" fileid="1" />
                <SequencePoint vc="1" uspid="344" ordinal="1" offset="1" sl="373" sc="13" el="373" ec="42" bec="0" bev="0" fileid="1" />
                <SequencePoint vc="1" uspid="345" ordinal="2" offset="7" sl="374" sc="13" el="374" ec="32" bec="0" bev="0" fileid="1" />
                <SequencePoint vc="1" uspid="346" ordinal="3" offset="19" sl="375" sc="13" el="375" ec="36" bec="0" bev="0" fileid="1" />
                <SequencePoint vc="1" uspid="347" ordinal="4" offset="31" sl="376" sc="13" el="376" ec="39" bec="0" bev="0" fileid="1" />
                <SequencePoint vc="1" uspid="348" ordinal="5" offset="43" sl="377" sc="13" el="377" ec="29" bec="0" bev="0" fileid="1" />
                <SequencePoint vc="1" uspid="349" ordinal="6" offset="52" sl="378" sc="13" el="378" ec="44" bec="0" bev="0" fileid="1" />
                <SequencePoint vc="1" uspid="350" ordinal="7" offset="64" sl="379" sc="13" el="379" ec="47" bec="0" bev="0" fileid="1" />
                <SequencePoint vc="1" uspid="351" ordinal="8" offset="76" sl="380" sc="13" el="380" ec="38" bec="0" bev="0" fileid="1" />
                <SequencePoint vc="1" uspid="352" ordinal="9" offset="83" sl="381" sc="13" el="381" ec="73" bec="0" bev="0" fileid="1" />
                <SequencePoint vc="1" uspid="353" ordinal="10" offset="89" sl="382" sc="13" el="382" ec="41" bec="0" bev="0" fileid="1" />
                <SequencePoint vc="1" uspid="354" ordinal="11" offset="101" sl="383" sc="13" el="383" ec="34" bec="0" bev="0" fileid="1" />
                <SequencePoint vc="1" uspid="355" ordinal="12" offset="113" sl="384" sc="13" el="384" ec="37" bec="0" bev="0" fileid="1" />
                <SequencePoint vc="1" uspid="356" ordinal="13" offset="125" sl="385" sc="13" el="385" ec="44" bec="0" bev="0" fileid="1" />
                <SequencePoint vc="1" uspid="357" ordinal="14" offset="137" sl="386" sc="13" el="386" ec="58" bec="0" bev="0" fileid="1" />
                <SequencePoint vc="1" uspid="358" ordinal="15" offset="156" sl="387" sc="13" el="387" ec="39" bec="0" bev="0" fileid="1" />
                <SequencePoint vc="1" uspid="359" ordinal="16" offset="168" sl="388" sc="13" el="388" ec="34" bec="0" bev="0" fileid="1" />
                <SequencePoint vc="1" uspid="360" ordinal="17" offset="184" sl="389" sc="13" el="389" ec="33" bec="0" bev="0" fileid="1" />
                <SequencePoint vc="1" uspid="361" ordinal="18" offset="200" sl="390" sc="13" el="390" ec="41" bec="0" bev="0" fileid="1" />
                <SequencePoint vc="1" uspid="362" ordinal="19" offset="209" sl="391" sc="13" el="391" ec="41" bec="0" bev="0" fileid="1" />
                <SequencePoint vc="1" uspid="363" ordinal="20" offset="217" sl="392" sc="13" el="392" ec="44" bec="0" bev="0" fileid="1" />
                <SequencePoint vc="1" uspid="364" ordinal="21" offset="226" sl="393" sc="13" el="393" ec="46" bec="0" bev="0" fileid="1" />
                <SequencePoint vc="1" uspid="365" ordinal="22" offset="235" sl="394" sc="13" el="394" ec="66" bec="0" bev="0" fileid="1" />
                <SequencePoint vc="1" uspid="366" ordinal="23" offset="243" sl="395" sc="13" el="395" ec="58" bec="0" bev="0" fileid="1" />
                <SequencePoint vc="1" uspid="367" ordinal="24" offset="249" sl="396" sc="13" el="396" ec="72" bec="0" bev="0" fileid="1" />
                <SequencePoint vc="1" uspid="368" ordinal="25" offset="269" sl="397" sc="13" el="397" ec="61" bec="0" bev="0" fileid="1" />
                <SequencePoint vc="1" uspid="369" ordinal="26" offset="278" sl="398" sc="13" el="398" ec="73" bec="0" bev="0" fileid="1" />
                <SequencePoint vc="1" uspid="370" ordinal="27" offset="301" sl="399" sc="13" el="399" ec="72" bec="0" bev="0" fileid="1" />
                <SequencePoint vc="1" uspid="371" ordinal="28" offset="309" sl="400" sc="13" el="403" ec="120" bec="0" bev="0" fileid="1" />
                <SequencePoint vc="1" uspid="372" ordinal="29" offset="505" sl="404" sc="13" el="404" ec="38" bec="2" bev="1" fileid="1" />
                <SequencePoint vc="1" uspid="373" ordinal="30" offset="520" sl="405" sc="13" el="405" ec="14" bec="0" bev="0" fileid="1" />
                <SequencePoint vc="1" uspid="374" ordinal="31" offset="521" sl="406" sc="17" el="406" ec="37" bec="0" bev="0" fileid="1" />
                <SequencePoint vc="1" uspid="375" ordinal="32" offset="528" sl="407" sc="13" el="407" ec="14" bec="0" bev="0" fileid="1" />
                <SequencePoint vc="0" uspid="376" ordinal="33" offset="531" sl="409" sc="13" el="409" ec="14" bec="0" bev="0" fileid="1" />
                <SequencePoint vc="0" uspid="377" ordinal="34" offset="532" sl="410" sc="17" el="410" ec="39" bec="0" bev="0" fileid="1" />
                <SequencePoint vc="1" uspid="378" ordinal="35" offset="538" sl="412" sc="9" el="412" ec="10" bec="0" bev="0" fileid="1" />
              </SequencePoints>
              <BranchPoints>
                <BranchPoint vc="1" uspid="379" ordinal="0" offset="518" sl="404" path="0" offsetend="520" fileid="1" />
                <BranchPoint vc="0" uspid="380" ordinal="1" offset="518" sl="404" path="1" offsetend="531" fileid="1" />
              </BranchPoints>
              <MethodPoint xsi:type="SequencePoint" vc="1" uspid="343" ordinal="0" offset="0" sl="372" sc="9" el="372" ec="10" bec="0" bev="0" fileid="1" />
            </Method>
            <Method visited="false" cyclomaticComplexity="1" nPathComplexity="0" sequenceCoverage="0" branchCoverage="0" crapScore="2" isConstructor="true" isStatic="false" isGetter="false" isSetter="false">
              <Summary numSequencePoints="0" visitedSequencePoints="0" numBranchPoints="0" visitedBranchPoints="0" sequenceCoverage="0" branchCoverage="0" maxCyclomaticComplexity="1" minCyclomaticComplexity="1" maxCrapScore="2" minCrapScore="2" visitedClasses="0" numClasses="0" visitedMethods="0" numMethods="0" />
              <MetadataToken>100663317</MetadataToken>
              <Name>System.Void CourseWork.Test.BLLtest::.ctor()</Name>
              <SequencePoints />
              <BranchPoints />
              <MethodPoint vc="0" uspid="381" ordinal="0" offset="0" />
            </Method>
          </Methods>
        </Class>
        <Class>
          <Summary numSequencePoints="23" visitedSequencePoints="21" numBranchPoints="15" visitedBranchPoints="8" sequenceCoverage="91.30" branchCoverage="53.33" maxCyclomaticComplexity="8" minCyclomaticComplexity="1" maxCrapScore="8.04" minCrapScore="2" visitedClasses="1" numClasses="1" visitedMethods="1" numMethods="1" />
          <FullName>CourseWork.Test.DALTest</FullName>
          <Methods>
            <Method visited="true" cyclomaticComplexity="8" nPathComplexity="128" sequenceCoverage="91.30" branchCoverage="53.33" crapScore="8.04" isConstructor="false" isStatic="false" isGetter="false" isSetter="false">
              <Summary numSequencePoints="23" visitedSequencePoints="21" numBranchPoints="15" visitedBranchPoints="8" sequenceCoverage="91.30" branchCoverage="53.33" maxCyclomaticComplexity="8" minCyclomaticComplexity="8" maxCrapScore="8.04" minCrapScore="8.04" visitedClasses="0" numClasses="0" visitedMethods="1" numMethods="1" />
              <MetadataToken>100663318</MetadataToken>
              <Name>System.Void CourseWork.Test.DALTest::SerializeAndDeserialize()</Name>
              <FileRef uid="2" />
              <SequencePoints>
                <SequencePoint vc="1" uspid="382" ordinal="0" offset="0" sl="21" sc="9" el="21" ec="10" bec="0" bev="0" fileid="2" />
                <SequencePoint vc="1" uspid="383" ordinal="1" offset="1" sl="22" sc="13" el="22" ec="55" bec="0" bev="0" fileid="2" />
                <SequencePoint vc="1" uspid="384" ordinal="2" offset="7" sl="23" sc="13" el="23" ec="42" bec="0" bev="0" fileid="2" />
                <SequencePoint vc="1" uspid="385" ordinal="3" offset="13" sl="24" sc="13" el="24" ec="32" bec="0" bev="0" fileid="2" />
                <SequencePoint vc="1" uspid="386" ordinal="4" offset="25" sl="25" sc="13" el="25" ec="36" bec="0" bev="0" fileid="2" />
                <SequencePoint vc="1" uspid="387" ordinal="5" offset="37" sl="26" sc="13" el="26" ec="39" bec="0" bev="0" fileid="2" />
                <SequencePoint vc="1" uspid="388" ordinal="6" offset="49" sl="27" sc="13" el="27" ec="29" bec="0" bev="0" fileid="2" />
                <SequencePoint vc="1" uspid="389" ordinal="7" offset="58" sl="28" sc="13" el="28" ec="44" bec="0" bev="0" fileid="2" />
                <SequencePoint vc="1" uspid="390" ordinal="8" offset="70" sl="29" sc="13" el="29" ec="47" bec="0" bev="0" fileid="2" />
                <SequencePoint vc="1" uspid="391" ordinal="9" offset="82" sl="30" sc="13" el="30" ec="38" bec="0" bev="0" fileid="2" />
                <SequencePoint vc="1" uspid="392" ordinal="10" offset="89" sl="35" sc="13" el="35" ec="33" bec="0" bev="0" fileid="2" />
                <SequencePoint vc="1" uspid="393" ordinal="11" offset="97" sl="36" sc="13" el="36" ec="119" bec="0" bev="0" fileid="2" />
                <SequencePoint vc="1" uspid="394" ordinal="12" offset="108" sl="37" sc="13" el="37" ec="77" bec="0" bev="0" fileid="2" />
                <SequencePoint vc="1" uspid="395" ordinal="13" offset="115" sl="38" sc="13" el="38" ec="43" bec="0" bev="0" fileid="2" />
                <SequencePoint vc="1" uspid="396" ordinal="14" offset="123" sl="40" sc="13" el="40" ec="65" bec="0" bev="0" fileid="2" />
                <SequencePoint vc="1" uspid="397" ordinal="15" offset="130" sl="41" sc="13" el="41" ec="54" bec="0" bev="0" fileid="2" />
                <SequencePoint vc="1" uspid="398" ordinal="16" offset="138" sl="43" sc="13" el="44" ec="270" bec="9" bev="7" fileid="2" />
                <SequencePoint vc="1" uspid="399" ordinal="17" offset="370" sl="45" sc="13" el="45" ec="14" bec="0" bev="0" fileid="2" />
                <SequencePoint vc="1" uspid="400" ordinal="18" offset="371" sl="46" sc="17" el="46" ec="37" bec="0" bev="0" fileid="2" />
                <SequencePoint vc="1" uspid="401" ordinal="19" offset="378" sl="47" sc="13" el="47" ec="14" bec="0" bev="0" fileid="2" />
                <SequencePoint vc="0" uspid="402" ordinal="20" offset="381" sl="49" sc="13" el="49" ec="14" bec="0" bev="0" fileid="2" />
                <SequencePoint vc="0" uspid="403" ordinal="21" offset="382" sl="50" sc="17" el="50" ec="39" bec="0" bev="0" fileid="2" />
                <SequencePoint vc="1" uspid="404" ordinal="22" offset="388" sl="52" sc="9" el="52" ec="10" bec="0" bev="0" fileid="2" />
              </SequencePoints>
              <BranchPoints>
                <BranchPoint vc="1" uspid="405" ordinal="0" offset="168" sl="43" path="0" offsetend="173" fileid="2" />
                <BranchPoint vc="0" uspid="406" ordinal="1" offset="168" sl="43" path="1" offsetend="363" fileid="2" />
                <BranchPoint vc="1" uspid="407" ordinal="2" offset="203" sl="43" path="0" offsetend="208" fileid="2" />
                <BranchPoint vc="0" uspid="408" ordinal="3" offset="203" sl="43" path="1" offsetend="363" fileid="2" />
                <BranchPoint vc="1" uspid="409" ordinal="4" offset="238" sl="43" path="0" offsetend="240" fileid="2" />
                <BranchPoint vc="0" uspid="410" ordinal="5" offset="238" sl="43" path="1" offsetend="363" fileid="2" />
                <BranchPoint vc="1" uspid="411" ordinal="6" offset="270" sl="43" path="0" offsetend="272" fileid="2" />
                <BranchPoint vc="0" uspid="412" ordinal="7" offset="270" sl="43" path="1" offsetend="363" fileid="2" />
                <BranchPoint vc="1" uspid="413" ordinal="8" offset="297" sl="43" path="0" offsetend="299" fileid="2" />
[...]
              <MetadataToken>100663305</MetadataToken>
              <Name>System.Void DAL.SerializeXML`1::.ctor(System.String)</Name>
              <FileRef uid="20" />
              <SequencePoints>
                <SequencePoint vc="1" uspid="1082" ordinal="0" offset="0" sl="12" sc="48" el="12" ec="62" bec="0" bev="0" fileid="20" />
                <SequencePoint vc="1" uspid="1083" ordinal="1" offset="8" sl="13" sc="9" el="13" ec="10" bec="0" bev="0" fileid="20" />
                <SequencePoint vc="1" uspid="1084" ordinal="2" offset="9" sl="14" sc="13" el="14" ec="57" bec="0" bev="0" fileid="20" />
                <SequencePoint vc="1" uspid="1085" ordinal="3" offset="30" sl="15" sc="9" el="15" ec="10" bec="0" bev="0" fileid="20" />
              </SequencePoints>
              <BranchPoints />
              <MethodPoint xsi:type="SequencePoint" vc="1" uspid="1082" ordinal="0" offset="0" sl="12" sc="48" el="12" ec="62" bec="0" bev="0" fileid="20" />
            </Method>
            <Method visited="true" cyclomaticComplexity="4" nPathComplexity="2" sequenceCoverage="88.24" branchCoverage="66.67" crapScore="4.03" isConstructor="false" isStatic="false" isGetter="false" isSetter="false">
              <Summary numSequencePoints="17" visitedSequencePoints="15" numBranchPoints="3" visitedBranchPoints="2" sequenceCoverage="88.24" branchCoverage="66.67" maxCyclomaticComplexity="4" minCyclomaticComplexity="4" maxCrapScore="4.03" minCrapScore="4.03" visitedClasses="0" numClasses="0" visitedMethods="1" numMethods="1" />
              <MetadataToken>100663306</MetadataToken>
              <Name>System.Boolean DAL.SerializeXML`1::Serialize(T)</Name>
              <FileRef uid="20" />
              <SequencePoints>
                <SequencePoint vc="1" uspid="1086" ordinal="0" offset="0" sl="17" sc="9" el="17" ec="10" bec="0" bev="0" fileid="20" />
                <SequencePoint vc="1" uspid="1087" ordinal="1" offset="1" sl="18" sc="13" el="18" ec="35" bec="2" bev="1" fileid="20" />
                <SequencePoint vc="0" uspid="1088" ordinal="2" offset="14" sl="18" sc="36" el="18" ec="37" bec="0" bev="0" fileid="20" />
                <SequencePoint vc="0" uspid="1089" ordinal="3" offset="15" sl="18" sc="38" el="18" ec="51" bec="0" bev="0" fileid="20" />
                <SequencePoint vc="1" uspid="1090" ordinal="4" offset="19" sl="19" sc="20" el="19" ec="71" bec="0" bev="0" fileid="20" />
                <SequencePoint vc="1" uspid="1091" ordinal="5" offset="32" sl="20" sc="13" el="20" ec="14" bec="0" bev="0" fileid="20" />
                <SequencePoint vc="1" uspid="1092" ordinal="6" offset="33" sl="21" sc="17" el="21" ec="30" bec="0" bev="0" fileid="20" />
                <SequencePoint vc="1" uspid="1093" ordinal="7" offset="40" sl="22" sc="17" el="22" ec="28" bec="0" bev="0" fileid="20" />
                <SequencePoint vc="1" uspid="1094" ordinal="8" offset="47" sl="23" sc="13" el="23" ec="14" bec="0" bev="0" fileid="20" />
                <SequencePoint vc="1" uspid="1095" ordinal="9" offset="61" sl="25" sc="20" el="25" ec="71" bec="0" bev="0" fileid="20" />
                <SequencePoint vc="1" uspid="1096" ordinal="10" offset="74" sl="26" sc="13" el="26" ec="14" bec="0" bev="0" fileid="20" />
                <SequencePoint vc="1" uspid="1097" ordinal="11" offset="75" sl="27" sc="17" el="27" ec="49" bec="0" bev="0" fileid="20" />
                <SequencePoint vc="1" uspid="1098" ordinal="12" offset="94" sl="29" sc="17" el="29" ec="30" bec="0" bev="0" fileid="20" />
                <SequencePoint vc="1" uspid="1099" ordinal="13" offset="101" sl="30" sc="17" el="30" ec="28" bec="0" bev="0" fileid="20" />
                <SequencePoint vc="1" uspid="1100" ordinal="14" offset="108" sl="31" sc="13" el="31" ec="14" bec="0" bev="0" fileid="20" />
                <SequencePoint vc="1" uspid="1101" ordinal="15" offset="122" sl="33" sc="13" el="33" ec="25" bec="0" bev="0" fileid="20" />
                <SequencePoint vc="1" uspid="1102" ordinal="16" offset="126" sl="34" sc="9" el="34" ec="10" bec="0" bev="0" fileid="20" />
              </SequencePoints>
              <BranchPoints>
                <BranchPoint vc="0" uspid="1103" ordinal="0" offset="12" sl="18" path="0" offsetend="14" fileid="20" />
                <BranchPoint vc="1" uspid="1104" ordinal="1" offset="12" sl="18" path="1" offsetend="19" fileid="20" />
              </BranchPoints>
              <MethodPoint xsi:type="SequencePoint" vc="1" uspid="1086" ordinal="0" offset="0" sl="17" sc="9" el="17" ec="10" bec="0" bev="0" fileid="20" />
            </Method>
            <Method visited="true" cyclomaticComplexity="3" nPathComplexity="2" sequenceCoverage="75" branchCoverage="66.67" crapScore="3.14" isConstructor="false" isStatic="false" isGetter="false" isSetter="false">
              <Summary numSequencePoints="8" visitedSequencePoints="6" numBranchPoints="3" visitedBranchPoints="2" sequenceCoverage="75" branchCoverage="66.67" maxCyclomaticComplexity="3" minCyclomaticComplexity="3" maxCrapScore="3.14" minCrapScore="3.14" visitedClasses="0" numClasses="0" visitedMethods="1" numMethods="1" />
              <MetadataToken>100663307</MetadataToken>
              <Name>T DAL.SerializeXML`1::Deserialize()</Name>
              <FileRef uid="20" />
              <SequencePoints>
                <SequencePoint vc="1" uspid="1105" ordinal="0" offset="0" sl="36" sc="9" el="36" ec="10" bec="0" bev="0" fileid="20" />
                <SequencePoint vc="1" uspid="1106" ordinal="1" offset="1" sl="37" sc="13" el="37" ec="35" bec="2" bev="1" fileid="20" />
                <SequencePoint vc="0" uspid="1107" ordinal="2" offset="14" sl="37" sc="36" el="37" ec="37" bec="0" bev="0" fileid="20" />
                <SequencePoint vc="0" uspid="1108" ordinal="3" offset="15" sl="37" sc="38" el="37" ec="113" bec="0" bev="0" fileid="20" />
                <SequencePoint vc="1" uspid="1109" ordinal="4" offset="26" sl="39" sc="20" el="39" ec="71" bec="0" bev="0" fileid="20" />
                <SequencePoint vc="1" uspid="1110" ordinal="5" offset="39" sl="40" sc="13" el="40" ec="14" bec="0" bev="0" fileid="20" />
                <SequencePoint vc="1" uspid="1111" ordinal="6" offset="40" sl="41" sc="17" el="41" ec="56" bec="0" bev="0" fileid="20" />
                <SequencePoint vc="1" uspid="1112" ordinal="7" offset="71" sl="43" sc="9" el="43" ec="10" bec="0" bev="0" fileid="20" />
              </SequencePoints>
              <BranchPoints>
                <BranchPoint vc="0" uspid="1113" ordinal="0" offset="12" sl="37" path="0" offsetend="14" fileid="20" />
                <BranchPoint vc="1" uspid="1114" ordinal="1" offset="12" sl="37" path="1" offsetend="26" fileid="20" />
              </BranchPoints>
              <MethodPoint xsi:type="SequencePoint" vc="1" uspid="1105" ordinal="0" offset="0" sl="36" sc="9" el="36" ec="10" bec="0" bev="0" fileid="20" />
            </Method>
          </Methods>
        </Class>
      </Classes>
    </Module>
    <Module hash="D3-48-07-E7-63-4A-06-EA-CF-10-83-E4-E8-6A-77-D4-DD-C1-9E-7D">
      <Summary numSequencePoints="29" visitedSequencePoints="18" numBranchPoints="11" visitedBranchPoints="6" sequenceCoverage="62.07" branchCoverage="54.55" maxCyclomaticComplexity="2" minCyclomaticComplexity="1" maxCrapScore="6" minCrapScore="1" visitedClasses="1" numClasses="1" visitedMethods="5" numMethods="7" />
      <ModulePath>D:\vs project\Coursework_Safaryan\CourseWork.Test\bin\Debug\fine-code-coverage\build-output\EntityService.dll</ModulePath>
      <ModuleTime>2021-12-28T14:44:44.4135176Z</ModuleTime>
      <ModuleName>EntityService</ModuleName>
      <Files>
        <File uid="23" fullPath="D:\vs project\Coursework_Safaryan\EntityService\EntityService.cs" />
      </Files>
      <Classes>
        <Class>
          <Summary numSequencePoints="29" visitedSequencePoints="18" numBranchPoints="11" visitedBranchPoints="6" sequenceCoverage="62.07" branchCoverage="54.55" maxCyclomaticComplexity="2" minCyclomaticComplexity="1" maxCrapScore="6" minCrapScore="1" visitedClasses="1" numClasses="1" visitedMethods="5" numMethods="7" />
          <FullName>EntityService.EntityService`1</FullName>
          <Methods>
            <Method visited="false" cyclomaticComplexity="1" nPathComplexity="0" sequenceCoverage="0" branchCoverage="0" crapScore="2" isConstructor="false" isStatic="false" isGetter="true" isSetter="false">
              <Summary numSequencePoints="3" visitedSequencePoints="0" numBranchPoints="1" visitedBranchPoints="0" sequenceCoverage="0" branchCoverage="0" maxCyclomaticComplexity="1" minCyclomaticComplexity="1" maxCrapScore="2" minCrapScore="2" visitedClasses="0" numClasses="0" visitedMethods="0" numMethods="1" />
              <MetadataToken>100663298</MetadataToken>
              <Name>DAL.Interface.IDataFilling`1&lt;T&gt; EntityService.EntityService`1::get_Provider()</Name>
              <FileRef uid="23" />
              <SequencePoints>
                <SequencePoint vc="0" uspid="1115" ordinal="0" offset="0" sl="25" sc="17" el="25" ec="18" bec="0" bev="0" fileid="23" />
                <SequencePoint vc="0" uspid="1116" ordinal="1" offset="1" sl="25" sc="19" el="25" ec="35" bec="0" bev="0" fileid="23" />
                <SequencePoint vc="0" uspid="1117" ordinal="2" offset="10" sl="25" sc="36" el="25" ec="37" bec="0" bev="0" fileid="23" />
              </SequencePoints>
              <BranchPoints />
              <MethodPoint xsi:type="SequencePoint" vc="0" uspid="1115" ordinal="0" offset="0" sl="25" sc="17" el="25" ec="18" bec="0" bev="0" fileid="23" />
            </Method>
            <Method visited="false" cyclomaticComplexity="2" nPathComplexity="2" sequenceCoverage="0" branchCoverage="0" crapScore="6" isConstructor="false" isStatic="false" isGetter="false" isSetter="true">
              <Summary numSequencePoints="6" visitedSequencePoints="0" numBranchPoints="3" visitedBranchPoints="0" sequenceCoverage="0" branchCoverage="0" maxCyclomaticComplexity="2" minCyclomaticComplexity="2" maxCrapScore="6" minCrapScore="6" visitedClasses="0" numClasses="0" visitedMethods="0" numMethods="1" />
              <MetadataToken>100663299</MetadataToken>
              <Name>System.Void EntityService.EntityService`1::set_Provider(DAL.Interface.IDataFilling`1&lt;T&gt;)</Name>
              <FileRef uid="23" />
              <SequencePoints>
                <SequencePoint vc="0" uspid="1118" ordinal="0" offset="0" sl="27" sc="13" el="27" ec="14" bec="0" bev="0" fileid="23" />
                <SequencePoint vc="0" uspid="1119" ordinal="1" offset="1" sl="28" sc="17" el="28" ec="35" bec="2" bev="0" fileid="23" />
                <SequencePoint vc="0" uspid="1120" ordinal="2" offset="9" sl="29" sc="17" el="29" ec="18" bec="0" bev="0" fileid="23" />
                <SequencePoint vc="0" uspid="1121" ordinal="3" offset="10" sl="30" sc="21" el="30" ec="56" bec="0" bev="0" fileid="23" />
                <SequencePoint vc="0" uspid="1122" ordinal="4" offset="16" sl="33" sc="17" el="33" ec="34" bec="0" bev="0" fileid="23" />
                <SequencePoint vc="0" uspid="1123" ordinal="5" offset="23" sl="34" sc="13" el="34" ec="14" bec="0" bev="0" fileid="23" />
              </SequencePoints>
              <BranchPoints>
                <BranchPoint vc="0" uspid="1124" ordinal="0" offset="7" sl="28" path="0" offsetend="9" fileid="23" />
                <BranchPoint vc="0" uspid="1125" ordinal="1" offset="7" sl="28" path="1" offsetend="16" fileid="23" />
              </BranchPoints>
              <MethodPoint xsi:type="SequencePoint" vc="0" uspid="1118" ordinal="0" offset="0" sl="27" sc="13" el="27" ec="14" bec="0" bev="0" fileid="23" />
            </Method>
            <Method visited="true" cyclomaticComplexity="2" nPathComplexity="2" sequenceCoverage="71.43" branchCoverage="66.67" crapScore="2.09" isConstructor="true" isStatic="false" isGetter="false" isSetter="false">
              <Summary numSequencePoints="7" visitedSequencePoints="5" numBranchPoints="3" visitedBranchPoints="2" sequenceCoverage="71.43" branchCoverage="66.67" maxCyclomaticComplexity="2" minCyclomaticComplexity="2" maxCrapScore="2.09" minCrapScore="2.09" visitedClasses="0" numClasses="0" visitedMethods="1" numMethods="1" />
              <MetadataToken>100663297</MetadataToken>
              <Name>System.Void EntityService.EntityService`1::.ctor(DAL.Interface.IDataFilling`1&lt;T&gt;)</Name>
              <FileRef uid="23" />
              <SequencePoints>
                <SequencePoint vc="2" uspid="1126" ordinal="0" offset="0" sl="14" sc="9" el="14" ec="55" bec="0" bev="0" fileid="23" />
                <SequencePoint vc="2" uspid="1127" ordinal="1" offset="7" sl="15" sc="9" el="15" ec="10" bec="0" bev="0" fileid="23" />
                <SequencePoint vc="2" uspid="1128" ordinal="2" offset="8" sl="16" sc="13" el="16" ec="34" bec="2" bev="1" fileid="23" />
                <SequencePoint vc="0" uspid="1129" ordinal="3" offset="16" sl="16" sc="35" el="16" ec="36" bec="0" bev="0" fileid="23" />
                <SequencePoint vc="0" uspid="1130" ordinal="4" offset="17" sl="16" sc="37" el="16" ec="72" bec="0" bev="0" fileid="23" />
                <SequencePoint vc="2" uspid="1131" ordinal="5" offset="23" sl="18" sc="13" el="18" ec="38" bec="0" bev="0" fileid="23" />
                <SequencePoint vc="2" uspid="1132" ordinal="6" offset="30" sl="19" sc="9" el="19" ec="10" bec="0" bev="0" fileid="23" />
              </SequencePoints>
              <BranchPoints>
                <BranchPoint vc="0" uspid="1133" ordinal="0" offset="14" sl="16" path="0" offsetend="16" fileid="23" />
                <BranchPoint vc="2" uspid="1134" ordinal="1" offset="14" sl="16" path="1" offsetend="23" fileid="23" />
              </BranchPoints>
              <MethodPoint xsi:type="SequencePoint" vc="2" uspid="1126" ordinal="0" offset="0" sl="14" sc="9" el="14" ec="55" bec="0" bev="0" fileid="23" />
            </Method>
            <Method visited="true" cyclomaticComplexity="1" nPathComplexity="0" sequenceCoverage="100" branchCoverage="100" crapScore="1" isConstructor="false" isStatic="false" isGetter="false" isSetter="false">
              <Summary numSequencePoints="4" visitedSequencePoints="4" numBranchPoints="1" visitedBranchPoints="1" sequenceCoverage="100" branchCoverage="100" maxCyclomaticComplexity="1" minCyclomaticComplexity="1" maxCrapScore="1" minCrapScore="1" visitedClasses="0" numClasses="0" visitedMethods="1" numMethods="1" />
              <MetadataToken>100663300</MetadataToken>
              <Name>System.Boolean EntityService.EntityService`1::AddNewData(T)</Name>
              <FileRef uid="23" />
              <SequencePoints>
                <SequencePoint vc="1" uspid="1135" ordinal="0" offset="0" sl="38" sc="39" el="38" ec="40" bec="0" bev="0" fileid="23" />
                <SequencePoint vc="1" uspid="1136" ordinal="1" offset="1" sl="38" sc="41" el="38" ec="53" bec="0" bev="0" fileid="23" />
                <SequencePoint vc="1" uspid="1137" ordinal="2" offset="8" sl="38" sc="54" el="38" ec="77" bec="0" bev="0" fileid="23" />
                <SequencePoint vc="1" uspid="1138" ordinal="3" offset="18" sl="38" sc="78" el="38" ec="79" bec="0" bev="0" fileid="23" />
              </SequencePoints>
              <BranchPoints />
              <MethodPoint xsi:type="SequencePoint" vc="1" uspid="1135" ordinal="0" offset="0" sl="38" sc="39" el="38" ec="40" bec="0" bev="0" fileid="23" />
            </Method>
            <Method visited="true" cyclomaticComplexity="1" nPathComplexity="0" sequenceCoverage="100" branchCoverage="100" crapScore="1" isConstructor="false" isStatic="false" isGetter="false" isSetter="false">
              <Summary numSequencePoints="3" visitedSequencePoints="3" numBranchPoints="1" visitedBranchPoints="1" sequenceCoverage="100" branchCoverage="100" maxCyclomaticComplexity="1" minCyclomaticComplexity="1" maxCrapScore="1" minCrapScore="1" visitedClasses="0" numClasses="0" visitedMethods="1" numMethods="1" />
              <MetadataToken>100663301</MetadataToken>
              <Name>System.Void EntityService.EntityService`1::ClearData()</Name>
              <FileRef uid="23" />
              <SequencePoints>
                <SequencePoint vc="1" uspid="1139" ordinal="0" offset="0" sl="39" sc="33" el="39" ec="34" bec="0" bev="0" fileid="23" />
                <SequencePoint vc="1" uspid="1140" ordinal="1" offset="1" sl="39" sc="35" el="39" ec="60" bec="0" bev="0" fileid="23" />
                <SequencePoint vc="1" uspid="1141" ordinal="2" offset="13" sl="39" sc="61" el="39" ec="62" bec="0" bev="0" fileid="23" />
              </SequencePoints>
              <BranchPoints />
              <MethodPoint xsi:type="SequencePoint" vc="1" uspid="1139" ordinal="0" offset="0" sl="39" sc="33" el="39" ec="34" bec="0" bev="0" fileid="23" />
            </Method>
            <Method visited="true" cyclomaticComplexity="1" nPathComplexity="0" sequenceCoverage="100" branchCoverage="100" crapScore="1" isConstructor="false" isStatic="false" isGetter="false" isSetter="false">
              <Summary numSequencePoints="3" visitedSequencePoints="3" numBranchPoints="1" visitedBranchPoints="1" sequenceCoverage="100" branchCoverage="100" maxCyclomaticComplexity="1" minCyclomaticComplexity="1" maxCrapScore="1" minCrapScore="1" visitedClasses="0" numClasses="0" visitedMethods="1" numMethods="1" />
              <MetadataToken>100663302</MetadataToken>
              <Name>T EntityService.EntityService`1::GetData()</Name>
              <FileRef uid="23" />
              <SequencePoints>
                <SequencePoint vc="1" uspid="1142" ordinal="0" offset="0" sl="40" sc="28" el="40" ec="29" bec="0" bev="0" fileid="23" />
                <SequencePoint vc="1" uspid="1143" ordinal="1" offset="1" sl="40" sc="30" el="40" ec="60" bec="0" bev="0" fileid="23" />
                <SequencePoint vc="1" uspid="1144" ordinal="2" offset="15" sl="40" sc="61" el="40" ec="62" bec="0" bev="0" fileid="23" />
              </SequencePoints>
              <BranchPoints />
              <MethodPoint xsi:type="SequencePoint" vc="1" uspid="1142" ordinal="0" offset="0" sl="40" sc="28" el="40" ec="29" bec="0" bev="0" fileid="23" />
            </Method>
            <Method visited="true" cyclomaticComplexity="1" nPathComplexity="0" sequenceCoverage="100" branchCoverage="100" crapScore="1" isConstructor="false" isStatic="false" isGetter="false" isSetter="false">
              <Summary numSequencePoints="3" visitedSequencePoints="3" numBranchPoints="1" visitedBranchPoints="1" sequenceCoverage="100" branchCoverage="100" maxCyclomaticComplexity="1" minCyclomaticComplexity="1" maxCrapScore="1" minCrapScore="1" visitedClasses="0" numClasses="0" visitedMethods="1" numMethods="1" />
              <MetadataToken>100663303</MetadataToken>
              <Name>System.Boolean EntityService.EntityService`1::UpdateData(T)</Name>
              <FileRef uid="23" />
              <SequencePoints>
                <SequencePoint vc="1" uspid="1145" ordinal="0" offset="0" sl="41" sc="39" el="41" ec="40" bec="0" bev="0" fileid="23" />
                <SequencePoint vc="1" uspid="1146" ordinal="1" offset="1" sl="41" sc="41" el="41" ec="72" bec="0" bev="0" fileid="23" />
                <SequencePoint vc="1" uspid="1147" ordinal="2" offset="16" sl="41" sc="73" el="41" ec="74" bec="0" bev="0" fileid="23" />
              </SequencePoints>
              <BranchPoints />
              <MethodPoint xsi:type="SequencePoint" vc="1" uspid="1145" ordinal="0" offset="0" sl="41" sc="39" el="41" ec="40" bec="0" bev="0" fileid="23" />
            </Method>
          </Methods>
        </Class>
      </Classes>
    </Module>
  </Modules>
</CoverageSession>